0	1	mikroCdsPIC.exe -MSF -DBG -pP33FJ32MC202 -DL -SSA -O11111114 -fo80 -N"C:\Users\milto\Milton\RSA\Git\Proyecto Chanlud\Vertedero PCh\Vertedero-PCh\Firmware\SensorNivel\SensorNivel.mcpds" -SP"C:\Users\Public\Documents\Mikroelektronika\mikroC PRO for dsPIC\defs\" -SP"C:\Users\Public\Documents\Mikroelektronika\mikroC PRO for dsPIC\uses\" -SP"C:\Users\milto\Milton\RSA\Git\Proyecto Chanlud\Vertedero PCh\Vertedero-PCh\Firmware\SensorNivel\" -IP"C:\Users\milto\Milton\RSA\Git\Proyecto Chanlud\Vertedero PCh\Vertedero-PCh\Firmware\Librerias\" "SensorNivel.c" "__Lib_Math.mcl" "__Lib_MathDouble.mcl" "__Lib_System.mcl" "__Lib_Delays.mcl" "__Lib_CString.mcl" "__Lib_CMath.mcl" "__Lib_Conversions.mcl" "__Lib_OneWire.mcl" "__Lib_UART_1_p24_p33.mcl" "__Lib_Vectors.mcl"	 
diagnostics: 0	121	Loading...	 
hint: 68	1354	 warning: "/*" within comment	C:\Users\milto\Milton\RSA\Git\Proyecto Chanlud\Vertedero PCh\Vertedero-PCh\Firmware\SensorNivel\SensorNivel.c
diagnostics: 0	122	Compilation Started	rs485.c
warning: 639	1505	Suspicious pointer conversion	SensorNivel.c
hint: 0	1004	interrupt handler (Timer1Interrupt at 0x001A)	SensorNivel.c
hint: 0	1004	interrupt handler (Timer2Interrupt at 0x0022)	SensorNivel.c
hint: 0	1004	interrupt handler (UART1Interrupt at 0x002A)	SensorNivel.c
diagnostics: 737	123	Compiled Successfully	SensorNivel.c
warning: 302	1512	variable 'datoInt' might not have been initialized	SensorNivel.c
warning: 303	1512	variable 'datoFloat' might not have been initialized	SensorNivel.c
hint: 295	1164	Variable 'numDatosRS485' has been eliminated by optimizer	SensorNivel.c
hint: 296	1164	Variable 'datoShort' has been eliminated by optimizer	SensorNivel.c
hint: 383	1164	Variable 'temperaturaCrudo' has been eliminated by optimizer	SensorNivel.c
hint: 412	1164	Variable 'temperaturaDec' has been eliminated by optimizer	SensorNivel.c
hint: 412	1164	Variable 'temperaturaResultado' has been eliminated by optimizer	SensorNivel.c
hint: 442	1164	Variable 'temperatura_Float' has been eliminated by optimizer	SensorNivel.c
hint: 442	1164	Variable 'vSonido' has been eliminated by optimizer	SensorNivel.c
diagnostics: 0	127	All files Compiled in 94 ms	 
hint: 0	1144	Used RX (bytes): 32 (100%)   Free RX (bytes): 0 (0%)	Used RX (bytes): 32 (100%)   Free RX (bytes): 0 (0%)
hint: 0	1144	Static RAM (bytes): 992   Dynamic RAM (bytes): 1056	Static RAM (bytes): 992   Dynamic RAM (bytes): 1056
hint: 0	1144	Used ROM (bytes): 6213 (28%)  Free ROM (bytes): 16315 (72%)	Used ROM (bytes): 6213 (28%)  Free ROM (bytes): 16315 (72%)
diagnostics: 0	125	Project Linked Successfully	SensorNivel.mcpds
diagnostics: 0	128	Linked in 63 ms	 
diagnostics: 0	129	Project 'SensorNivel.mcpds' completed: 219 ms	 
diagnostics: 0	103	Finished successfully: 01 oct. 2021, 17:01:45	SensorNivel.mcpds
