 PATH path148 FOUND 
SVG scale factor = 1.000000
SVG offset = 0.000000,0.000000
POLYGON  0)
ERROR

	raw = 4.02,0.00	coord = 4.02,0.00
	raw = 4.10,0.00	coord = 8.12,0.00
	raw = 4.20,0.00	coord = 12.31,0.00
	raw = 4.30,0.00	coord = 16.62,0.00
	raw = 4.41,0.00	coord = 21.03,0.00
	raw = 4.54,0.00	coord = 25.56,0.00
	raw = 4.58,0.00	coord = 30.15,0.00
	raw = 4.80,0.00	coord = 34.95,0.00
	raw = 4.67,0.00	coord = 39.61,0.00
	raw = 4.54,0.00	coord = 44.16,0.00
	raw = 4.78,0.00	coord = 48.93,0.00
	raw = 4.94,0.00	coord = 53.87,0.00
	raw = 4.49,0.00	coord = 58.36,0.00
	raw = 4.71,0.00	coord = 63.07,0.00
	raw = 4.44,0.00	coord = 67.51,0.00
	raw = 4.77,0.00	coord = 72.28,0.00
	raw = 4.58,0.00	coord = 76.86,0.00
	raw = 4.49,0.00	coord = 81.35,0.00
	raw = 4.20,0.00	coord = 85.55,0.00
	raw = 4.62,0.00	coord = 90.17,0.00
	raw = 4.63,0.00	coord = 94.80,0.00
	raw = 3.93,0.00	coord = 98.73,0.00
	raw = 4.01,0.00	coord = 102.74,0.00
	raw = 4.01,0.00	coord = 106.75,0.00
	raw = 4.02,0.00	coord = 110.77,0.00
End polygon at 4.02,0.00

 PATH path146 FOUND 
SVG scale factor = 1.000000
SVG offset = 0.000000,0.000000
POLYGON  1)
ERROR

	raw = 4.10,0.00	coord = 8.12,0.00
	raw = 4.02,0.00	coord = 12.14,0.00
	raw = 4.01,0.00	coord = 16.15,0.00
	raw = 4.01,0.00	coord = 20.15,0.00
	raw = 3.93,0.00	coord = 24.08,0.00
	raw = 4.63,0.00	coord = 28.72,0.00
	raw = 4.62,0.00	coord = 33.34,0.00
	raw = 4.20,0.00	coord = 37.54,0.00
	raw = 4.49,0.00	coord = 42.03,0.00
	raw = 4.58,0.00	coord = 46.61,0.00
	raw = 4.77,0.00	coord = 51.38,0.00
	raw = 4.44,0.00	coord = 55.82,0.00
	raw = 4.71,0.00	coord = 60.53,0.00
	raw = 4.49,0.00	coord = 65.02,0.00
	raw = 4.94,0.00	coord = 69.95,0.00
	raw = 4.78,0.00	coord = 74.73,0.00
	raw = 4.54,0.00	coord = 79.27,0.00
	raw = 4.67,0.00	coord = 83.94,0.00
	raw = 4.80,0.00	coord = 88.74,0.00
	raw = 4.58,0.00	coord = 93.32,0.00
	raw = 4.54,0.00	coord = 97.86,0.00
	raw = 4.41,0.00	coord = 102.27,0.00
	raw = 4.30,0.00	coord = 106.57,0.00
	raw = 4.20,0.00	coord = 110.77,0.00
	raw = 4.10,0.00	coord = 114.87,0.00
End polygon at 4.10,0.00

 PATH path142 FOUND 
SVG scale factor = 1.000000
SVG offset = 0.000000,0.000000
POLYGON  2)
ERROR

	raw = 2.96,0.00	coord = 7.06,0.00
	raw = 2.80,0.00	coord = 9.86,0.00
	raw = 2.60,0.00	coord = 12.46,0.00
	raw = 2.38,0.00	coord = 14.84,0.00
	raw = 2.19,0.00	coord = 17.02,0.00
	raw = 2.03,0.00	coord = 19.05,0.00
	raw = 1.91,0.00	coord = 20.96,0.00
	raw = 1.89,0.00	coord = 22.85,0.00
	raw = 1.82,0.00	coord = 24.67,0.00
	raw = 1.80,0.00	coord = 26.47,0.00
	raw = 1.79,0.00	coord = 28.26,0.00
	raw = 1.81,0.00	coord = 30.07,0.00
	raw = 1.84,0.00	coord = 31.91,0.00
	raw = 1.90,0.00	coord = 33.81,0.00
	raw = 2.00,0.00	coord = 35.80,0.00
	raw = 2.12,0.00	coord = 37.92,0.00
	raw = 2.27,0.00	coord = 40.20,0.00
	raw = 2.45,0.00	coord = 42.64,0.00
	raw = 2.64,0.00	coord = 45.28,0.00
	raw = 2.83,0.00	coord = 48.11,0.00
	raw = 3.04,0.00	coord = 51.15,0.00
	raw = 2.88,0.00	coord = 54.03,0.00
	raw = 2.83,0.00	coord = 56.86,0.00
	raw = 2.65,0.00	coord = 59.51,0.00
	raw = 2.47,0.00	coord = 61.99,0.00
	raw = 2.26,0.00	coord = 64.25,0.00
	raw = 2.06,0.00	coord = 66.31,0.00
	raw = 1.87,0.00	coord = 68.17,0.00
	raw = 1.68,0.00	coord = 69.86,0.00
	raw = 1.51,0.00	coord = 71.37,0.00
	raw = 1.35,0.00	coord = 72.72,0.00
	raw = 1.20,0.00	coord = 73.92,0.00
	raw = 1.06,0.00	coord = 74.97,0.00
	raw = 0.92,0.00	coord = 75.90,0.00
	raw = 0.80,0.00	coord = 76.70,0.00
	raw = 0.69,0.00	coord = 77.39,0.00
	raw = 0.59,0.00	coord = 77.97,0.00
	raw = 0.49,0.00	coord = 78.46,0.00
	raw = 0.40,0.00	coord = 78.87,0.00
	raw = 0.33,0.00	coord = 79.19,0.00
	raw = 0.26,0.00	coord = 79.45,0.00
	raw = 0.19,0.00	coord = 79.64,0.00
	raw = 0.15,0.00	coord = 79.79,0.00
	raw = 0.11,0.00	coord = 79.91,0.00
	raw = 0.08,0.00	coord = 79.99,0.00
	raw = 0.05,0.00	coord = 80.04,0.00
	raw = 0.03,0.00	coord = 80.07,0.00
	raw = 0.02,0.00	coord = 80.09,0.00
	raw = 0.01,0.00	coord = 80.10,0.00
	raw = 0.00,0.00	coord = 80.10,0.00
ERROR

	raw = 0.00,0.00	coord = 80.10,0.00
	raw = 0.01,0.00	coord = 80.11,0.00
	raw = 0.02,0.00	coord = 80.12,0.00
	raw = 0.03,0.00	coord = 80.15,0.00
	raw = 0.05,0.00	coord = 80.20,0.00
	raw = 0.07,0.00	coord = 80.27,0.00
	raw = 0.10,0.00	coord = 80.37,0.00
	raw = 0.14,0.00	coord = 80.52,0.00
	raw = 0.19,0.00	coord = 80.70,0.00
	raw = 0.24,0.00	coord = 80.94,0.00
	raw = 0.30,0.00	coord = 81.25,0.00
	raw = 0.38,0.00	coord = 81.63,0.00
	raw = 0.47,0.00	coord = 82.09,0.00
	raw = 0.56,0.00	coord = 82.65,0.00
	raw = 0.67,0.00	coord = 83.33,0.00
	raw = 0.80,0.00	coord = 84.12,0.00
	raw = 0.93,0.00	coord = 85.05,0.00
	raw = 1.07,0.00	coord = 86.13,0.00
	raw = 1.22,0.00	coord = 87.35,0.00
	raw = 1.38,0.00	coord = 88.73,0.00
	raw = 1.55,0.00	coord = 90.28,0.00
	raw = 1.74,0.00	coord = 92.02,0.00
	raw = 1.93,0.00	coord = 93.95,0.00
	raw = 2.13,0.00	coord = 96.08,0.00
	raw = 2.33,0.00	coord = 98.41,0.00
	raw = 2.53,0.00	coord = 100.95,0.00
	raw = 2.74,0.00	coord = 103.69,0.00
	raw = 2.96,0.00	coord = 106.64,0.00
	raw = 3.18,0.00	coord = 109.82,0.00
	raw = 3.39,0.00	coord = 113.21,0.00
	raw = 3.59,0.00	coord = 116.80,0.00
	raw = 3.86,0.00	coord = 120.66,0.00
	raw = 3.45,0.00	coord = 124.12,0.00
	raw = 2.55,0.00	coord = 126.67,0.00
	raw = 2.33,0.00	coord = 128.99,0.00
	raw = 3.24,0.00	coord = 132.24,0.00
	raw = 3.91,0.00	coord = 136.15,0.00
	raw = 2.38,0.00	coord = 138.53,0.00
	raw = 3.38,0.00	coord = 141.91,0.00
	raw = 3.74,0.00	coord = 145.65,0.00
	raw = 3.91,0.00	coord = 149.56,0.00
	raw = 3.19,0.00	coord = 152.75,0.00
	raw = 3.88,0.00	coord = 156.62,0.00
	raw = 4.30,0.00	coord = 160.93,0.00
	raw = 3.83,0.00	coord = 164.76,0.00
	raw = 3.73,0.00	coord = 168.49,0.00
	raw = 3.88,0.00	coord = 172.37,0.00
	raw = 3.50,0.00	coord = 175.87,0.00
	raw = 3.85,0.00	coord = 179.72,0.00
	raw = 3.93,0.00	coord = 183.65,0.00
	raw = 4.13,0.00	coord = 187.78,0.00
	raw = 3.53,0.00	coord = 191.31,0.00
	raw = 3.79,0.00	coord = 195.09,0.00
	raw = 4.28,0.00	coord = 199.38,0.00
	raw = 3.80,0.00	coord = 203.17,0.00
	raw = 4.28,0.00	coord = 207.45,0.00
	raw = 4.07,0.00	coord = 211.52,0.00
	raw = 3.94,0.00	coord = 215.47,0.00
	raw = 3.73,0.00	coord = 219.20,0.00
	raw = 4.25,0.00	coord = 223.45,0.00
	raw = 4.40,0.00	coord = 227.85,0.00
	raw = 3.94,0.00	coord = 231.79,0.00
	raw = 4.66,0.00	coord = 236.45,0.00
	raw = 4.98,0.00	coord = 241.43,0.00
	raw = 4.79,0.00	coord = 246.22,0.00
	raw = 4.23,0.00	coord = 250.45,0.00
	raw = 4.15,0.00	coord = 254.61,0.00
	raw = 4.42,0.00	coord = 259.02,0.00
	raw = 4.25,0.00	coord = 263.28,0.00
	raw = 4.86,0.00	coord = 268.14,0.00
	raw = 4.41,0.00	coord = 272.55,0.00
	raw = 4.57,0.00	coord = 277.12,0.00
	raw = 3.83,0.00	coord = 280.95,0.00
	raw = 3.78,0.00	coord = 284.73,0.00
	raw = 3.72,0.00	coord = 288.45,0.00
	raw = 3.66,0.00	coord = 292.11,0.00
	raw = 3.61,0.00	coord = 295.72,0.00
	raw = 3.55,0.00	coord = 299.28,0.00
	raw = 3.51,0.00	coord = 302.79,0.00
	raw = 3.46,0.00	coord = 306.25,0.00
	raw = 3.41,0.00	coord = 309.66,0.00
	raw = 3.37,0.00	coord = 313.03,0.00
	raw = 3.32,0.00	coord = 316.35,0.00
	raw = 3.28,0.00	coord = 319.63,0.00
	raw = 3.22,0.00	coord = 322.85,0.00
	raw = 3.16,0.00	coord = 326.01,0.00
	raw = 3.08,0.00	coord = 329.08,0.00
	raw = 2.96,0.00	coord = 332.04,0.00
End polygon at 2.96,0.00

 PATH path138 FOUND 
SVG scale factor = 1.000000
SVG offset = 0.000000,0.000000
POLYGON  3)
ERROR

	raw = 7.51,0.00	coord = 10.47,0.00
	raw = 7.69,0.00	coord = 18.16,0.00
	raw = 7.84,0.00	coord = 26.00,0.00
	raw = 7.96,0.00	coord = 33.96,0.00
	raw = 8.04,0.00	coord = 42.00,0.00
	raw = 8.09,0.00	coord = 50.09,0.00
	raw = 8.11,0.00	coord = 58.20,0.00
	raw = 8.12,0.00	coord = 66.32,0.00
	raw = 8.11,0.00	coord = 74.43,0.00
	raw = 8.07,0.00	coord = 82.50,0.00
	raw = 8.02,0.00	coord = 90.51,0.00
	raw = 7.93,0.00	coord = 98.45,0.00
	raw = 7.83,0.00	coord = 106.28,0.00
	raw = 7.70,0.00	coord = 113.98,0.00
	raw = 7.55,0.00	coord = 121.53,0.00
	raw = 7.38,0.00	coord = 128.91,0.00
	raw = 7.19,0.00	coord = 136.11,0.00
	raw = 6.99,0.00	coord = 143.10,0.00
	raw = 6.78,0.00	coord = 149.88,0.00
	raw = 6.91,0.00	coord = 156.80,0.00
	raw = 6.52,0.00	coord = 163.32,0.00
	raw = 6.48,0.00	coord = 169.80,0.00
	raw = 6.09,0.00	coord = 175.88,0.00
	raw = 6.48,0.00	coord = 182.37,0.00
	raw = 6.68,0.00	coord = 189.05,0.00
	raw = 6.49,0.00	coord = 195.53,0.00
	raw = 6.49,0.00	coord = 202.02,0.00
	raw = 6.32,0.00	coord = 208.34,0.00
	raw = 6.10,0.00	coord = 214.43,0.00
	raw = 6.49,0.00	coord = 220.93,0.00
	raw = 6.49,0.00	coord = 227.42,0.00
	raw = 8.26,0.00	coord = 235.68,0.00
	raw = 6.50,0.00	coord = 242.18,0.00
	raw = 6.50,0.00	coord = 248.69,0.00
	raw = 6.50,0.00	coord = 255.19,0.00
	raw = 6.05,0.00	coord = 261.24,0.00
	raw = 6.51,0.00	coord = 267.75,0.00
	raw = 6.51,0.00	coord = 274.26,0.00
	raw = 6.94,0.00	coord = 281.20,0.00
	raw = 6.51,0.00	coord = 287.71,0.00
	raw = 6.51,0.00	coord = 294.22,0.00
	raw = 6.12,0.00	coord = 300.34,0.00
	raw = 6.51,0.00	coord = 306.85,0.00
	raw = 6.51,0.00	coord = 313.37,0.00
	raw = 6.95,0.00	coord = 320.31,0.00
	raw = 6.77,0.00	coord = 327.09,0.00
	raw = 6.65,0.00	coord = 333.74,0.00
	raw = 6.53,0.00	coord = 340.27,0.00
	raw = 6.53,0.00	coord = 346.80,0.00
	raw = 6.30,0.00	coord = 353.11,0.00
	raw = 6.49,0.00	coord = 359.59,0.00
	raw = 6.02,0.00	coord = 365.61,0.00
	raw = 6.54,0.00	coord = 372.15,0.00
	raw = 6.54,0.00	coord = 378.70,0.00
	raw = 7.53,0.00	coord = 386.23,0.00
	raw = 6.55,0.00	coord = 392.78,0.00
	raw = 6.55,0.00	coord = 399.33,0.00
	raw = 6.13,0.00	coord = 405.46,0.00
	raw = 6.56,0.00	coord = 412.02,0.00
	raw = 6.56,0.00	coord = 418.57,0.00
	raw = 8.01,0.00	coord = 426.59,0.00
	raw = 6.77,0.00	coord = 433.35,0.00
	raw = 8.02,0.00	coord = 441.37,0.00
	raw = 6.61,0.00	coord = 447.98,0.00
	raw = 8.09,0.00	coord = 456.07,0.00
	raw = 6.84,0.00	coord = 462.92,0.00
	raw = 6.68,0.00	coord = 469.59,0.00
	raw = 6.74,0.00	coord = 476.34,0.00
	raw = 7.80,0.00	coord = 484.14,0.00
	raw = 6.60,0.00	coord = 490.74,0.00
	raw = 6.60,0.00	coord = 497.34,0.00
	raw = 6.30,0.00	coord = 503.64,0.00
	raw = 6.61,0.00	coord = 510.25,0.00
	raw = 6.92,0.00	coord = 517.17,0.00
	raw = 7.21,0.00	coord = 524.37,0.00
	raw = 7.08,0.00	coord = 531.45,0.00
	raw = 6.84,0.00	coord = 538.29,0.00
	raw = 6.63,0.00	coord = 544.92,0.00
	raw = 6.63,0.00	coord = 551.54,0.00
	raw = 5.74,0.00	coord = 557.28,0.00
	raw = 6.09,0.00	coord = 563.37,0.00
	raw = 6.64,0.00	coord = 570.00,0.00
	raw = 6.64,0.00	coord = 576.64,0.00
	raw = 7.69,0.00	coord = 584.33,0.00
	raw = 6.64,0.00	coord = 590.97,0.00
	raw = 6.64,0.00	coord = 597.61,0.00
	raw = 6.08,0.00	coord = 603.69,0.00
	raw = 6.65,0.00	coord = 610.33,0.00
	raw = 6.65,0.00	coord = 616.98,0.00
	raw = 7.39,0.00	coord = 624.37,0.00
	raw = 7.54,0.00	coord = 631.90,0.00
	raw = 7.74,0.00	coord = 639.65,0.00
	raw = 7.94,0.00	coord = 647.59,0.00
	raw = 8.13,0.00	coord = 655.72,0.00
	raw = 8.32,0.00	coord = 664.04,0.00
	raw = 8.50,0.00	coord = 672.53,0.00
	raw = 8.67,0.00	coord = 681.20,0.00
	raw = 8.83,0.00	coord = 690.03,0.00
	raw = 8.99,0.00	coord = 699.02,0.00
	raw = 9.14,0.00	coord = 708.17,0.00
	raw = 9.28,0.00	coord = 717.44,0.00
	raw = 9.38,0.00	coord = 726.82,0.00
	raw = 9.47,0.00	coord = 736.29,0.00
	raw = 9.55,0.00	coord = 745.84,0.00
	raw = 9.63,0.00	coord = 755.47,0.00
	raw = 9.70,0.00	coord = 765.18,0.00
	raw = 9.76,0.00	coord = 774.94,0.00
	raw = 9.81,0.00	coord = 784.75,0.00
	raw = 9.84,0.00	coord = 794.59,0.00
	raw = 9.88,0.00	coord = 804.47,0.00
	raw = 9.91,0.00	coord = 814.38,0.00
	raw = 9.93,0.00	coord = 824.31,0.00
	raw = 9.96,0.00	coord = 834.26,0.00
	raw = 9.97,0.00	coord = 844.24,0.00
	raw = 9.99,0.00	coord = 854.22,0.00
	raw = 9.99,0.00	coord = 864.22,0.00
	raw = 10.00,0.00	coord = 874.22,0.00
	raw = 10.00,0.00	coord = 884.22,0.00
	raw = 10.00,0.00	coord = 894.21,0.00
	raw = 9.99,0.00	coord = 904.21,0.00
	raw = 9.98,0.00	coord = 914.19,0.00
	raw = 9.97,0.00	coord = 924.16,0.00
	raw = 9.95,0.00	coord = 934.11,0.00
	raw = 9.92,0.00	coord = 944.03,0.00
	raw = 9.89,0.00	coord = 953.92,0.00
	raw = 9.85,0.00	coord = 963.77,0.00
	raw = 9.80,0.00	coord = 973.57,0.00
	raw = 9.74,0.00	coord = 983.31,0.00
	raw = 9.68,0.00	coord = 992.99,0.00
	raw = 9.61,0.00	coord = 1002.60,0.00
	raw = 9.51,0.00	coord = 1012.11,0.00
	raw = 9.41,0.00	coord = 1021.53,0.00
	raw = 9.30,0.00	coord = 1030.83,0.00
	raw = 9.18,0.00	coord = 1040.02,0.00
	raw = 9.06,0.00	coord = 1049.07,0.00
	raw = 8.92,0.00	coord = 1057.99,0.00
	raw = 8.77,0.00	coord = 1066.76,0.00
	raw = 8.62,0.00	coord = 1075.38,0.00
	raw = 8.45,0.00	coord = 1083.83,0.00
	raw = 8.28,0.00	coord = 1092.11,0.00
	raw = 8.10,0.00	coord = 1100.22,0.00
	raw = 7.92,0.00	coord = 1108.14,0.00
	raw = 7.74,0.00	coord = 1115.88,0.00
	raw = 7.56,0.00	coord = 1123.44,0.00
	raw = 7.37,0.00	coord = 1130.81,0.00
	raw = 7.17,0.00	coord = 1137.98,0.00
	raw = 6.98,0.00	coord = 1144.95,0.00
	raw = 6.77,0.00	coord = 1151.73,0.00
	raw = 6.57,0.00	coord = 1158.29,0.00
	raw = 6.36,0.00	coord = 1164.65,0.00
	raw = 6.34,0.00	coord = 1171.00,0.00
	raw = 6.18,0.00	coord = 1177.18,0.00
	raw = 5.97,0.00	coord = 1183.15,0.00
	raw = 5.77,0.00	coord = 1188.92,0.00
	raw = 5.78,0.00	coord = 1194.70,0.00
	raw = 6.02,0.00	coord = 1200.72,0.00
	raw = 6.12,0.00	coord = 1206.85,0.00
	raw = 6.03,0.00	coord = 1212.88,0.00
	raw = 6.47,0.00	coord = 1219.34,0.00
	raw = 5.99,0.00	coord = 1225.34,0.00
	raw = 6.12,0.00	coord = 1231.46,0.00
	raw = 5.82,0.00	coord = 1237.28,0.00
	raw = 5.92,0.00	coord = 1243.20,0.00
	raw = 5.76,0.00	coord = 1248.96,0.00
	raw = 5.56,0.00	coord = 1254.52,0.00
	raw = 5.79,0.00	coord = 1260.31,0.00
	raw = 6.20,0.00	coord = 1266.51,0.00
	raw = 5.50,0.00	coord = 1272.01,0.00
	raw = 5.69,0.00	coord = 1277.70,0.00
	raw = 5.95,0.00	coord = 1283.65,0.00
	raw = 5.90,0.00	coord = 1289.55,0.00
	raw = 5.78,0.00	coord = 1295.34,0.00
	raw = 5.57,0.00	coord = 1300.91,0.00
	raw = 6.22,0.00	coord = 1307.13,0.00
	raw = 6.20,0.00	coord = 1313.33,0.00
	raw = 6.28,0.00	coord = 1319.61,0.00
	raw = 5.97,0.00	coord = 1325.58,0.00
	raw = 6.04,0.00	coord = 1331.62,0.00
	raw = 6.37,0.00	coord = 1337.99,0.00
	raw = 6.29,0.00	coord = 1344.28,0.00
	raw = 6.22,0.00	coord = 1350.50,0.00
	raw = 6.15,0.00	coord = 1356.65,0.00
	raw = 5.96,0.00	coord = 1362.61,0.00
	raw = 6.78,0.00	coord = 1369.38,0.00
	raw = 6.50,0.00	coord = 1375.88,0.00
	raw = 6.71,0.00	coord = 1382.59,0.00
	raw = 5.89,0.00	coord = 1388.48,0.00
	raw = 6.14,0.00	coord = 1394.62,0.00
	raw = 5.79,0.00	coord = 1400.41,0.00
	raw = 6.20,0.00	coord = 1406.61,0.00
	raw = 5.86,0.00	coord = 1412.47,0.00
	raw = 6.43,0.00	coord = 1418.90,0.00
	raw = 6.41,0.00	coord = 1425.32,0.00
	raw = 5.60,0.00	coord = 1430.92,0.00
	raw = 5.98,0.00	coord = 1436.90,0.00
	raw = 6.08,0.00	coord = 1442.98,0.00
	raw = 6.01,0.00	coord = 1448.99,0.00
	raw = 6.20,0.00	coord = 1455.19,0.00
	raw = 5.99,0.00	coord = 1461.18,0.00
	raw = 6.27,0.00	coord = 1467.45,0.00
	raw = 6.37,0.00	coord = 1473.83,0.00
	raw = 6.52,0.00	coord = 1480.34,0.00
	raw = 6.69,0.00	coord = 1487.03,0.00
	raw = 6.88,0.00	coord = 1493.91,0.00
	raw = 7.10,0.00	coord = 1501.01,0.00
	raw = 7.31,0.00	coord = 1508.32,0.00
	raw = 7.51,0.00	coord = 1515.83,0.00
End polygon at 7.51,0.00

 PATH path134 FOUND 
SVG scale factor = 1.000000
SVG offset = 0.000000,0.000000
POLYGON  4)
ERROR

	raw = 6.04,0.00	coord = 13.55,0.00
	raw = 6.99,0.00	coord = 20.55,0.00
	raw = 7.15,0.00	coord = 27.70,0.00
	raw = 7.68,0.00	coord = 35.38,0.00
	raw = 7.72,0.00	coord = 43.09,0.00
	raw = 7.31,0.00	coord = 50.40,0.00
	raw = 6.66,0.00	coord = 57.06,0.00
	raw = 8.51,0.00	coord = 65.58,0.00
	raw = 7.07,0.00	coord = 72.65,0.00
	raw = 7.01,0.00	coord = 79.66,0.00
	raw = 7.12,0.00	coord = 86.79,0.00
	raw = 7.11,0.00	coord = 93.89,0.00
	raw = 7.57,0.00	coord = 101.46,0.00
	raw = 7.39,0.00	coord = 108.86,0.00
	raw = 7.16,0.00	coord = 116.02,0.00
	raw = 8.86,0.00	coord = 124.88,0.00
	raw = 7.98,0.00	coord = 132.86,0.00
	raw = 8.50,0.00	coord = 141.36,0.00
	raw = 7.88,0.00	coord = 149.24,0.00
	raw = 7.42,0.00	coord = 156.65,0.00
	raw = 9.82,0.00	coord = 166.48,0.00
	raw = 9.82,0.00	coord = 176.30,0.00
	raw = 7.35,0.00	coord = 183.65,0.00
	raw = 7.04,0.00	coord = 190.69,0.00
	raw = 9.68,0.00	coord = 200.37,0.00
	raw = 7.73,0.00	coord = 208.11,0.00
	raw = 9.68,0.00	coord = 217.79,0.00
	raw = 7.49,0.00	coord = 225.28,0.00
	raw = 6.60,0.00	coord = 231.88,0.00
	raw = 8.77,0.00	coord = 240.64,0.00
	raw = 6.45,0.00	coord = 247.09,0.00
	raw = 6.04,0.00	coord = 253.13,0.00
End polygon at 6.04,0.00

 PATH path130 FOUND 
SVG scale factor = 1.000000
SVG offset = 0.000000,0.000000
POLYGON  5)
ERROR

	raw = 5.49,0.00	coord = 11.53,0.00
	raw = 5.58,0.00	coord = 17.11,0.00
	raw = 5.62,0.00	coord = 22.73,0.00
	raw = 5.47,0.00	coord = 28.21,0.00
	raw = 5.56,0.00	coord = 33.77,0.00
	raw = 5.56,0.00	coord = 39.34,0.00
	raw = 5.48,0.00	coord = 44.81,0.00
	raw = 5.43,0.00	coord = 50.24,0.00
	raw = 5.42,0.00	coord = 55.66,0.00
	raw = 5.53,0.00	coord = 61.20,0.00
	raw = 5.50,0.00	coord = 66.69,0.00
	raw = 5.55,0.00	coord = 72.24,0.00
	raw = 5.40,0.00	coord = 77.65,0.00
	raw = 5.60,0.00	coord = 83.24,0.00
	raw = 5.62,0.00	coord = 88.86,0.00
	raw = 5.67,0.00	coord = 94.53,0.00
	raw = 5.63,0.00	coord = 100.17,0.00
	raw = 5.45,0.00	coord = 105.62,0.00
	raw = 5.47,0.00	coord = 111.08,0.00
	raw = 5.62,0.00	coord = 116.70,0.00
	raw = 5.50,0.00	coord = 122.20,0.00
	raw = 5.59,0.00	coord = 127.79,0.00
	raw = 5.44,0.00	coord = 133.24,0.00
	raw = 5.44,0.00	coord = 138.68,0.00
	raw = 5.50,0.00	coord = 144.18,0.00
	raw = 5.39,0.00	coord = 149.57,0.00
	raw = 5.50,0.00	coord = 155.07,0.00
	raw = 5.48,0.00	coord = 160.55,0.00
	raw = 5.44,0.00	coord = 165.99,0.00
	raw = 5.57,0.00	coord = 171.55,0.00
	raw = 5.42,0.00	coord = 176.97,0.00
	raw = 5.49,0.00	coord = 182.46,0.00
	raw = 5.52,0.00	coord = 187.98,0.00
	raw = 5.57,0.00	coord = 193.55,0.00
	raw = 5.62,0.00	coord = 199.17,0.00
	raw = 5.47,0.00	coord = 204.64,0.00
	raw = 5.51,0.00	coord = 210.15,0.00
	raw = 5.50,0.00	coord = 215.65,0.00
	raw = 5.81,0.00	coord = 221.46,0.00
	raw = 5.51,0.00	coord = 226.97,0.00
	raw = 5.85,0.00	coord = 232.82,0.00
	raw = 5.54,0.00	coord = 238.37,0.00
	raw = 5.43,0.00	coord = 243.80,0.00
	raw = 5.65,0.00	coord = 249.45,0.00
	raw = 5.56,0.00	coord = 255.01,0.00
	raw = 5.79,0.00	coord = 260.80,0.00
	raw = 5.65,0.00	coord = 266.44,0.00
	raw = 5.53,0.00	coord = 271.97,0.00
	raw = 5.56,0.00	coord = 277.53,0.00
	raw = 5.65,0.00	coord = 283.18,0.00
	raw = 5.56,0.00	coord = 288.74,0.00
	raw = 5.79,0.00	coord = 294.53,0.00
	raw = 5.51,0.00	coord = 300.03,0.00
	raw = 5.83,0.00	coord = 305.86,0.00
	raw = 5.75,0.00	coord = 311.61,0.00
	raw = 5.46,0.00	coord = 317.07,0.00
	raw = 5.77,0.00	coord = 322.83,0.00
	raw = 5.51,0.00	coord = 328.34,0.00
	raw = 5.49,0.00	coord = 333.83,0.00
	raw = 5.54,0.00	coord = 339.37,0.00
	raw = 5.37,0.00	coord = 344.74,0.00
	raw = 5.47,0.00	coord = 350.21,0.00
	raw = 5.54,0.00	coord = 355.75,0.00
	raw = 5.72,0.00	coord = 361.47,0.00
	raw = 5.44,0.00	coord = 366.91,0.00
	raw = 5.58,0.00	coord = 372.50,0.00
	raw = 5.93,0.00	coord = 378.43,0.00
	raw = 5.47,0.00	coord = 383.90,0.00
	raw = 5.86,0.00	coord = 389.76,0.00
	raw = 5.72,0.00	coord = 395.49,0.00
	raw = 5.58,0.00	coord = 401.06,0.00
	raw = 5.53,0.00	coord = 406.59,0.00
	raw = 5.76,0.00	coord = 412.35,0.00
	raw = 5.58,0.00	coord = 417.93,0.00
	raw = 5.81,0.00	coord = 423.73,0.00
	raw = 5.89,0.00	coord = 429.62,0.00
	raw = 5.52,0.00	coord = 435.14,0.00
	raw = 5.45,0.00	coord = 440.59,0.00
	raw = 5.80,0.00	coord = 446.40,0.00
	raw = 5.51,0.00	coord = 451.91,0.00
	raw = 5.88,0.00	coord = 457.79,0.00
	raw = 5.59,0.00	coord = 463.38,0.00
	raw = 5.81,0.00	coord = 469.19,0.00
	raw = 5.67,0.00	coord = 474.85,0.00
	raw = 5.50,0.00	coord = 480.35,0.00
	raw = 5.58,0.00	coord = 485.94,0.00
	raw = 5.37,0.00	coord = 491.30,0.00
	raw = 5.77,0.00	coord = 497.07,0.00
	raw = 5.45,0.00	coord = 502.53,0.00
	raw = 5.63,0.00	coord = 508.16,0.00
	raw = 5.42,0.00	coord = 513.57,0.00
	raw = 5.49,0.00	coord = 519.07,0.00
	raw = 5.80,0.00	coord = 524.86,0.00
	raw = 5.49,0.00	coord = 530.36,0.00
	raw = 5.43,0.00	coord = 535.78,0.00
	raw = 5.72,0.00	coord = 541.50,0.00
	raw = 5.47,0.00	coord = 546.96,0.00
	raw = 5.66,0.00	coord = 552.62,0.00
	raw = 5.33,0.00	coord = 557.95,0.00
	raw = 5.59,0.00	coord = 563.54,0.00
	raw = 5.65,0.00	coord = 569.19,0.00
	raw = 5.84,0.00	coord = 575.02,0.00
	raw = 5.72,0.00	coord = 580.74,0.00
	raw = 5.49,0.00	coord = 586.23,0.00
	raw = 5.84,0.00	coord = 592.07,0.00
	raw = 5.56,0.00	coord = 597.63,0.00
	raw = 5.74,0.00	coord = 603.37,0.00
	raw = 5.35,0.00	coord = 608.71,0.00
	raw = 5.85,0.00	coord = 614.56,0.00
	raw = 5.56,0.00	coord = 620.12,0.00
	raw = 5.41,0.00	coord = 625.53,0.00
	raw = 5.66,0.00	coord = 631.19,0.00
	raw = 5.80,0.00	coord = 636.99,0.00
	raw = 5.45,0.00	coord = 642.44,0.00
	raw = 5.92,0.00	coord = 648.36,0.00
	raw = 5.65,0.00	coord = 654.02,0.00
	raw = 5.41,0.00	coord = 659.43,0.00
	raw = 5.44,0.00	coord = 664.87,0.00
	raw = 5.68,0.00	coord = 670.54,0.00
	raw = 5.62,0.00	coord = 676.16,0.00
	raw = 5.37,0.00	coord = 681.53,0.00
	raw = 5.71,0.00	coord = 687.24,0.00
	raw = 5.50,0.00	coord = 692.75,0.00
	raw = 5.47,0.00	coord = 698.22,0.00
	raw = 5.73,0.00	coord = 703.95,0.00
	raw = 5.72,0.00	coord = 709.67,0.00
	raw = 5.50,0.00	coord = 715.17,0.00
	raw = 5.86,0.00	coord = 721.03,0.00
	raw = 5.69,0.00	coord = 726.72,0.00
	raw = 5.57,0.00	coord = 732.29,0.00
	raw = 5.68,0.00	coord = 737.97,0.00
	raw = 5.92,0.00	coord = 743.89,0.00
	raw = 6.27,0.00	coord = 750.15,0.00
	raw = 5.92,0.00	coord = 756.08,0.00
	raw = 9.82,0.00	coord = 765.90,0.00
	raw = 9.82,0.00	coord = 775.72,0.00
	raw = 8.24,0.00	coord = 783.96,0.00
	raw = 8.24,0.00	coord = 792.20,0.00
	raw = 9.82,0.00	coord = 802.02,0.00
	raw = 9.82,0.00	coord = 811.84,0.00
	raw = 5.49,0.00	coord = 817.33,0.00
End polygon at 5.49,0.00

 PATH path126 FOUND 
SVG scale factor = 1.000000
SVG offset = 0.000000,0.000000
POLYGON  6)
ERROR

	raw = 0.18,0.00	coord = 5.67,0.00
	raw = 0.18,0.00	coord = 5.84,0.00
	raw = 4.76,0.00	coord = 10.61,0.00
	raw = 5.23,0.00	coord = 15.84,0.00
	raw = 5.11,0.00	coord = 20.95,0.00
	raw = 4.98,0.00	coord = 25.93,0.00
	raw = 4.85,0.00	coord = 30.78,0.00
	raw = 5.24,0.00	coord = 36.01,0.00
	raw = 4.92,0.00	coord = 40.93,0.00
	raw = 5.16,0.00	coord = 46.09,0.00
	raw = 4.79,0.00	coord = 50.88,0.00
	raw = 5.09,0.00	coord = 55.97,0.00
	raw = 4.97,0.00	coord = 60.94,0.00
	raw = 5.17,0.00	coord = 66.11,0.00
	raw = 4.71,0.00	coord = 70.82,0.00
	raw = 4.82,0.00	coord = 75.64,0.00
	raw = 4.90,0.00	coord = 80.54,0.00
	raw = 4.98,0.00	coord = 85.53,0.00
	raw = 5.24,0.00	coord = 90.77,0.00
	raw = 4.74,0.00	coord = 95.51,0.00
	raw = 5.26,0.00	coord = 100.77,0.00
	raw = 5.03,0.00	coord = 105.80,0.00
	raw = 5.00,0.00	coord = 110.79,0.00
	raw = 4.71,0.00	coord = 115.50,0.00
	raw = 5.17,0.00	coord = 120.67,0.00
	raw = 4.94,0.00	coord = 125.61,0.00
	raw = 4.85,0.00	coord = 130.46,0.00
	raw = 4.76,0.00	coord = 135.21,0.00
	raw = 5.26,0.00	coord = 140.48,0.00
	raw = 5.03,0.00	coord = 145.50,0.00
	raw = 4.98,0.00	coord = 150.49,0.00
	raw = 5.15,0.00	coord = 155.64,0.00
	raw = 4.99,0.00	coord = 160.63,0.00
	raw = 4.97,0.00	coord = 165.60,0.00
	raw = 4.79,0.00	coord = 170.39,0.00
	raw = 5.20,0.00	coord = 175.59,0.00
	raw = 5.15,0.00	coord = 180.73,0.00
	raw = 5.21,0.00	coord = 185.95,0.00
	raw = 4.90,0.00	coord = 190.85,0.00
	raw = 5.07,0.00	coord = 195.92,0.00
	raw = 5.10,0.00	coord = 201.02,0.00
	raw = 5.04,0.00	coord = 206.06,0.00
	raw = 5.14,0.00	coord = 211.20,0.00
	raw = 5.01,0.00	coord = 216.21,0.00
	raw = 5.13,0.00	coord = 221.34,0.00
	raw = 5.22,0.00	coord = 226.56,0.00
	raw = 5.06,0.00	coord = 231.62,0.00
	raw = 5.32,0.00	coord = 236.94,0.00
	raw = 5.11,0.00	coord = 242.06,0.00
	raw = 5.30,0.00	coord = 247.36,0.00
	raw = 4.91,0.00	coord = 252.27,0.00
	raw = 4.77,0.00	coord = 257.04,0.00
	raw = 5.02,0.00	coord = 262.06,0.00
	raw = 5.06,0.00	coord = 267.12,0.00
	raw = 5.10,0.00	coord = 272.23,0.00
	raw = 5.10,0.00	coord = 277.33,0.00
	raw = 5.09,0.00	coord = 282.42,0.00
	raw = 4.76,0.00	coord = 287.18,0.00
	raw = 4.90,0.00	coord = 292.09,0.00
	raw = 5.16,0.00	coord = 297.24,0.00
	raw = 5.02,0.00	coord = 302.26,0.00
	raw = 5.00,0.00	coord = 307.26,0.00
	raw = 5.15,0.00	coord = 312.41,0.00
	raw = 5.19,0.00	coord = 317.61,0.00
	raw = 4.93,0.00	coord = 322.53,0.00
	raw = 5.17,0.00	coord = 327.70,0.00
	raw = 5.17,0.00	coord = 332.88,0.00
	raw = 5.19,0.00	coord = 338.07,0.00
	raw = 5.28,0.00	coord = 343.35,0.00
	raw = 4.92,0.00	coord = 348.27,0.00
	raw = 5.00,0.00	coord = 353.27,0.00
	raw = 4.98,0.00	coord = 358.25,0.00
	raw = 5.20,0.00	coord = 363.45,0.00
	raw = 5.20,0.00	coord = 368.65,0.00
	raw = 4.69,0.00	coord = 373.34,0.00
	raw = 5.16,0.00	coord = 378.51,0.00
	raw = 5.12,0.00	coord = 383.63,0.00
	raw = 5.25,0.00	coord = 388.89,0.00
	raw = 4.72,0.00	coord = 393.61,0.00
	raw = 5.30,0.00	coord = 398.90,0.00
	raw = 5.09,0.00	coord = 403.99,0.00
	raw = 5.30,0.00	coord = 409.29,0.00
	raw = 5.14,0.00	coord = 414.43,0.00
	raw = 5.30,0.00	coord = 419.72,0.00
	raw = 5.12,0.00	coord = 424.84,0.00
	raw = 5.27,0.00	coord = 430.11,0.00
	raw = 5.01,0.00	coord = 435.12,0.00
	raw = 5.15,0.00	coord = 440.27,0.00
	raw = 5.13,0.00	coord = 445.40,0.00
	raw = 5.07,0.00	coord = 450.47,0.00
	raw = 5.03,0.00	coord = 455.50,0.00
	raw = 5.26,0.00	coord = 460.76,0.00
	raw = 5.17,0.00	coord = 465.93,0.00
	raw = 5.18,0.00	coord = 471.11,0.00
	raw = 4.98,0.00	coord = 476.09,0.00
	raw = 4.90,0.00	coord = 480.99,0.00
	raw = 5.14,0.00	coord = 486.13,0.00
	raw = 5.24,0.00	coord = 491.36,0.00
	raw = 5.23,0.00	coord = 496.59,0.00
	raw = 5.12,0.00	coord = 501.71,0.00
	raw = 5.31,0.00	coord = 507.02,0.00
	raw = 5.24,0.00	coord = 512.26,0.00
	raw = 4.98,0.00	coord = 517.24,0.00
	raw = 5.24,0.00	coord = 522.48,0.00
	raw = 5.16,0.00	coord = 527.64,0.00
	raw = 4.97,0.00	coord = 532.61,0.00
	raw = 5.13,0.00	coord = 537.74,0.00
	raw = 5.26,0.00	coord = 543.00,0.00
	raw = 5.07,0.00	coord = 548.07,0.00
	raw = 5.26,0.00	coord = 553.33,0.00
	raw = 5.27,0.00	coord = 558.60,0.00
	raw = 5.07,0.00	coord = 563.66,0.00
	raw = 5.16,0.00	coord = 568.82,0.00
	raw = 5.10,0.00	coord = 573.92,0.00
	raw = 5.35,0.00	coord = 579.26,0.00
	raw = 5.13,0.00	coord = 584.40,0.00
	raw = 5.33,0.00	coord = 589.73,0.00
	raw = 5.08,0.00	coord = 594.80,0.00
	raw = 5.31,0.00	coord = 600.11,0.00
	raw = 4.95,0.00	coord = 605.06,0.00
	raw = 5.29,0.00	coord = 610.35,0.00
	raw = 4.82,0.00	coord = 615.17,0.00
	raw = 5.31,0.00	coord = 620.48,0.00
	raw = 5.12,0.00	coord = 625.60,0.00
	raw = 5.11,0.00	coord = 630.71,0.00
	raw = 5.27,0.00	coord = 635.99,0.00
	raw = 5.06,0.00	coord = 641.05,0.00
	raw = 5.25,0.00	coord = 646.30,0.00
	raw = 5.12,0.00	coord = 651.42,0.00
	raw = 5.00,0.00	coord = 656.42,0.00
	raw = 5.19,0.00	coord = 661.61,0.00
	raw = 5.06,0.00	coord = 666.67,0.00
	raw = 5.19,0.00	coord = 671.86,0.00
	raw = 5.12,0.00	coord = 676.99,0.00
	raw = 5.29,0.00	coord = 682.27,0.00
	raw = 5.23,0.00	coord = 687.51,0.00
	raw = 5.28,0.00	coord = 692.79,0.00
	raw = 5.22,0.00	coord = 698.01,0.00
	raw = 5.09,0.00	coord = 703.10,0.00
	raw = 5.32,0.00	coord = 708.41,0.00
	raw = 5.03,0.00	coord = 713.44,0.00
	raw = 5.13,0.00	coord = 718.57,0.00
	raw = 4.92,0.00	coord = 723.49,0.00
	raw = 5.14,0.00	coord = 728.63,0.00
	raw = 5.32,0.00	coord = 733.95,0.00
	raw = 5.30,0.00	coord = 739.25,0.00
	raw = 5.34,0.00	coord = 744.59,0.00
	raw = 5.06,0.00	coord = 749.65,0.00
	raw = 5.14,0.00	coord = 754.79,0.00
	raw = 5.10,0.00	coord = 759.88,0.00
	raw = 5.31,0.00	coord = 765.19,0.00
	raw = 5.36,0.00	coord = 770.55,0.00
	raw = 4.98,0.00	coord = 775.54,0.00
	raw = 5.24,0.00	coord = 780.78,0.00
	raw = 5.31,0.00	coord = 786.09,0.00
	raw = 5.23,0.00	coord = 791.32,0.00
	raw = 5.26,0.00	coord = 796.58,0.00
	raw = 4.96,0.00	coord = 801.54,0.00
	raw = 5.30,0.00	coord = 806.84,0.00
	raw = 5.00,0.00	coord = 811.85,0.00
	raw = 5.25,0.00	coord = 817.09,0.00
	raw = 5.32,0.00	coord = 822.41,0.00
	raw = 5.04,0.00	coord = 827.45,0.00
	raw = 4.99,0.00	coord = 832.44,0.00
	raw = 5.33,0.00	coord = 837.77,0.00
	raw = 5.08,0.00	coord = 842.84,0.00
	raw = 0.18,0.00	coord = 843.02,0.00
End polygon at 0.18,0.00

 PATH path124 FOUND 
SVG scale factor = 1.000000
SVG offset = 0.000000,0.000000
POLYGON  7)
ERROR

	raw = 7.19,0.00	coord = 7.37,0.00
	raw = 9.36,0.00	coord = 16.73,0.00
	raw = 9.82,0.00	coord = 26.55,0.00
	raw = 9.82,0.00	coord = 36.37,0.00
	raw = 8.08,0.00	coord = 44.45,0.00
	raw = 8.61,0.00	coord = 53.06,0.00
	raw = 7.19,0.00	coord = 60.25,0.00
End polygon at 7.19,0.00

 PATH path122 FOUND 
SVG scale factor = 1.000000
SVG offset = 0.000000,0.000000
POLYGON  8)
ERROR

	raw = 9.36,0.00	coord = 16.55,0.00
	raw = 7.19,0.00	coord = 23.75,0.00
	raw = 8.61,0.00	coord = 32.35,0.00
	raw = 8.08,0.00	coord = 40.43,0.00
	raw = 9.82,0.00	coord = 50.25,0.00
	raw = 9.82,0.00	coord = 60.07,0.00
	raw = 9.36,0.00	coord = 69.43,0.00
End polygon at 9.36,0.00

 PATH path120 FOUND 
SVG scale factor = 1.000000
SVG offset = 0.000000,0.000000
POLYGON  9)
ERROR

	raw = 6.58,0.00	coord = 15.94,0.00
	raw = 6.06,0.00	coord = 22.00,0.00
	raw = 6.06,0.00	coord = 28.07,0.00
	raw = 6.00,0.00	coord = 34.06,0.00
	raw = 5.94,0.00	coord = 40.00,0.00
	raw = 6.59,0.00	coord = 46.59,0.00
	raw = 6.91,0.00	coord = 53.50,0.00
	raw = 6.31,0.00	coord = 59.81,0.00
	raw = 6.64,0.00	coord = 66.45,0.00
	raw = 6.58,0.00	coord = 73.04,0.00
End polygon at 6.58,0.00

 PATH path118 FOUND 
SVG scale factor = 1.000000
SVG offset = 0.000000,0.000000
POLYGON 10)
ERROR

	raw = 6.06,0.00	coord = 12.65,0.00
	raw = 6.58,0.00	coord = 19.23,0.00
	raw = 6.64,0.00	coord = 25.87,0.00
	raw = 6.31,0.00	coord = 32.18,0.00
	raw = 6.91,0.00	coord = 39.09,0.00
	raw = 6.59,0.00	coord = 45.69,0.00
	raw = 5.94,0.00	coord = 51.62,0.00
	raw = 6.00,0.00	coord = 57.62,0.00
	raw = 6.06,0.00	coord = 63.68,0.00
	raw = 6.06,0.00	coord = 69.74,0.00
End polygon at 6.06,0.00

 PATH path116 FOUND 
SVG scale factor = 1.000000
SVG offset = 0.000000,0.000000
POLYGON 11)
ERROR

	raw = 6.17,0.00	coord = 12.23,0.00
	raw = 6.16,0.00	coord = 18.39,0.00
	raw = 6.16,0.00	coord = 24.56,0.00
	raw = 6.15,0.00	coord = 30.71,0.00
	raw = 6.22,0.00	coord = 36.93,0.00
	raw = 6.17,0.00	coord = 43.10,0.00
End polygon at 6.17,0.00

 PATH path114 FOUND 
SVG scale factor = 1.000000
SVG offset = 0.000000,0.000000
POLYGON 12)
ERROR

	raw = 6.16,0.00	coord = 12.33,0.00
	raw = 6.17,0.00	coord = 18.50,0.00
	raw = 6.22,0.00	coord = 24.72,0.00
	raw = 6.15,0.00	coord = 30.87,0.00
	raw = 6.16,0.00	coord = 37.04,0.00
	raw = 6.16,0.00	coord = 43.20,0.00
End polygon at 6.16,0.00

 PATH path112 FOUND 
SVG scale factor = 1.000000
SVG offset = 0.000000,0.000000
POLYGON 13)
ERROR

	raw = 6.17,0.00	coord = 12.33,0.00
	raw = 6.25,0.00	coord = 18.58,0.00
	raw = 5.74,0.00	coord = 24.31,0.00
	raw = 6.17,0.00	coord = 30.48,0.00
End polygon at 6.17,0.00

 PATH path110 FOUND 
SVG scale factor = 1.000000
SVG offset = 0.000000,0.000000
POLYGON 14)
ERROR

	raw = 6.25,0.00	coord = 12.42,0.00
	raw = 6.17,0.00	coord = 18.58,0.00
	raw = 5.74,0.00	coord = 24.32,0.00
	raw = 6.25,0.00	coord = 30.57,0.00
End polygon at 6.25,0.00

 PATH path108 FOUND 
SVG scale factor = 1.000000
SVG offset = 0.000000,0.000000
POLYGON 15)
ERROR

	raw = 6.29,0.00	coord = 12.54,0.00
	raw = 6.39,0.00	coord = 18.94,0.00
	raw = 6.25,0.00	coord = 25.19,0.00
	raw = 6.29,0.00	coord = 31.48,0.00
End polygon at 6.29,0.00

 PATH path106 FOUND 
SVG scale factor = 1.000000
SVG offset = 0.000000,0.000000
POLYGON 16)
ERROR

	raw = 6.39,0.00	coord = 12.69,0.00
	raw = 6.29,0.00	coord = 18.98,0.00
	raw = 6.25,0.00	coord = 25.23,0.00
	raw = 6.39,0.00	coord = 31.63,0.00
End polygon at 6.39,0.00

 PATH path104 FOUND 
SVG scale factor = 1.000000
SVG offset = 0.000000,0.000000
POLYGON 17)
ERROR

	raw = 6.38,0.00	coord = 12.77,0.00
	raw = 6.29,0.00	coord = 19.06,0.00
	raw = 6.09,0.00	coord = 25.15,0.00
	raw = 6.41,0.00	coord = 31.56,0.00
	raw = 6.38,0.00	coord = 37.94,0.00
End polygon at 6.38,0.00

 PATH path102 FOUND 
SVG scale factor = 1.000000
SVG offset = 0.000000,0.000000
POLYGON 18)
ERROR

	raw = 6.29,0.00	coord = 12.67,0.00
	raw = 6.38,0.00	coord = 19.05,0.00
	raw = 6.41,0.00	coord = 25.45,0.00
	raw = 6.09,0.00	coord = 31.54,0.00
	raw = 6.29,0.00	coord = 37.83,0.00
End polygon at 6.29,0.00

 PATH path100 FOUND 
SVG scale factor = 1.000000
SVG offset = 0.000000,0.000000
POLYGON 19)
ERROR

	raw = 6.41,0.00	coord = 12.70,0.00
	raw = 6.91,0.00	coord = 19.61,0.00
	raw = 6.54,0.00	coord = 26.15,0.00
	raw = 6.46,0.00	coord = 32.60,0.00
	raw = 6.46,0.00	coord = 39.06,0.00
	raw = 6.41,0.00	coord = 45.47,0.00
End polygon at 6.41,0.00

 PATH path98 FOUND 
SVG scale factor = 1.000000
SVG offset = 0.000000,0.000000
POLYGON 20)
ERROR

	raw = 6.91,0.00	coord = 13.32,0.00
	raw = 6.41,0.00	coord = 19.72,0.00
	raw = 6.46,0.00	coord = 26.18,0.00
	raw = 6.46,0.00	coord = 32.64,0.00
	raw = 6.54,0.00	coord = 39.17,0.00
	raw = 6.91,0.00	coord = 46.08,0.00
End polygon at 6.91,0.00

 PATH path96 FOUND 
SVG scale factor = 1.000000
SVG offset = 0.000000,0.000000
POLYGON 21)
ERROR

	raw = 6.66,0.00	coord = 13.57,0.00
	raw = 6.66,0.00	coord = 20.23,0.00
	raw = 6.09,0.00	coord = 26.32,0.00
	raw = 6.54,0.00	coord = 32.86,0.00
	raw = 6.66,0.00	coord = 39.52,0.00
	raw = 6.66,0.00	coord = 46.18,0.00
End polygon at 6.66,0.00

 PATH path94 FOUND 
SVG scale factor = 1.000000
SVG offset = 0.000000,0.000000
POLYGON 22)
ERROR

	raw = 6.66,0.00	coord = 13.32,0.00
	raw = 6.66,0.00	coord = 19.98,0.00
	raw = 6.66,0.00	coord = 26.64,0.00
	raw = 6.54,0.00	coord = 33.18,0.00
	raw = 6.09,0.00	coord = 39.27,0.00
	raw = 6.66,0.00	coord = 45.93,0.00
End polygon at 6.66,0.00

 PATH path92 FOUND 
SVG scale factor = 1.000000
SVG offset = 0.000000,0.000000
POLYGON 23)
ERROR

	raw = 6.15,0.00	coord = 12.81,0.00
	raw = 6.68,0.00	coord = 19.49,0.00
	raw = 6.68,0.00	coord = 26.18,0.00
	raw = 6.88,0.00	coord = 33.06,0.00
	raw = 9.32,0.00	coord = 42.38,0.00
	raw = 7.38,0.00	coord = 49.76,0.00
	raw = 7.03,0.00	coord = 56.79,0.00
	raw = 6.80,0.00	coord = 63.59,0.00
	raw = 6.11,0.00	coord = 69.70,0.00
	raw = 6.56,0.00	coord = 76.26,0.00
	raw = 6.22,0.00	coord = 82.47,0.00
	raw = 7.13,0.00	coord = 89.61,0.00
	raw = 5.70,0.00	coord = 95.31,0.00
	raw = 6.57,0.00	coord = 101.88,0.00
	raw = 6.41,0.00	coord = 108.29,0.00
	raw = 7.36,0.00	coord = 115.64,0.00
	raw = 5.95,0.00	coord = 121.60,0.00
	raw = 6.01,0.00	coord = 127.60,0.00
	raw = 6.33,0.00	coord = 133.94,0.00
	raw = 6.30,0.00	coord = 140.23,0.00
	raw = 5.89,0.00	coord = 146.12,0.00
	raw = 5.61,0.00	coord = 151.73,0.00
	raw = 5.93,0.00	coord = 157.65,0.00
	raw = 6.37,0.00	coord = 164.03,0.00
	raw = 6.86,0.00	coord = 170.89,0.00
	raw = 6.97,0.00	coord = 177.86,0.00
	raw = 6.08,0.00	coord = 183.94,0.00
	raw = 6.72,0.00	coord = 190.66,0.00
	raw = 6.15,0.00	coord = 196.81,0.00
End polygon at 6.15,0.00

 PATH path90 FOUND 
SVG scale factor = 1.000000
SVG offset = 0.000000,0.000000
POLYGON 24)
ERROR

	raw = 6.68,0.00	coord = 12.83,0.00
	raw = 6.15,0.00	coord = 18.98,0.00
	raw = 6.72,0.00	coord = 25.71,0.00
	raw = 6.08,0.00	coord = 31.78,0.00
	raw = 6.97,0.00	coord = 38.76,0.00
	raw = 6.86,0.00	coord = 45.61,0.00
	raw = 6.37,0.00	coord = 51.99,0.00
	raw = 5.93,0.00	coord = 57.92,0.00
	raw = 5.61,0.00	coord = 63.53,0.00
	raw = 5.89,0.00	coord = 69.41,0.00
	raw = 6.30,0.00	coord = 75.71,0.00
	raw = 6.33,0.00	coord = 82.04,0.00
	raw = 6.01,0.00	coord = 88.05,0.00
	raw = 5.95,0.00	coord = 94.00,0.00
	raw = 7.36,0.00	coord = 101.35,0.00
	raw = 6.41,0.00	coord = 107.76,0.00
	raw = 6.57,0.00	coord = 114.33,0.00
	raw = 5.70,0.00	coord = 120.03,0.00
	raw = 7.13,0.00	coord = 127.17,0.00
	raw = 6.22,0.00	coord = 133.39,0.00
	raw = 6.56,0.00	coord = 139.94,0.00
	raw = 6.11,0.00	coord = 146.05,0.00
	raw = 6.80,0.00	coord = 152.85,0.00
	raw = 7.03,0.00	coord = 159.88,0.00
	raw = 7.38,0.00	coord = 167.26,0.00
	raw = 9.32,0.00	coord = 176.59,0.00
	raw = 6.88,0.00	coord = 183.46,0.00
	raw = 6.68,0.00	coord = 190.15,0.00
	raw = 6.68,0.00	coord = 196.83,0.00
End polygon at 6.68,0.00

 PATH path88 FOUND 
SVG scale factor = 1.000000
SVG offset = 0.000000,0.000000
POLYGON 25)
ERROR

	raw = 6.75,0.00	coord = 13.43,0.00
	raw = 6.68,0.00	coord = 20.11,0.00
	raw = 6.67,0.00	coord = 26.78,0.00
	raw = 6.66,0.00	coord = 33.44,0.00
	raw = 6.75,0.00	coord = 40.19,0.00
End polygon at 6.75,0.00

 PATH path86 FOUND 
SVG scale factor = 1.000000
SVG offset = 0.000000,0.000000
POLYGON 26)
ERROR

	raw = 6.68,0.00	coord = 13.43,0.00
	raw = 6.75,0.00	coord = 20.18,0.00
	raw = 6.66,0.00	coord = 26.84,0.00
	raw = 6.67,0.00	coord = 33.51,0.00
	raw = 6.68,0.00	coord = 40.19,0.00
End polygon at 6.68,0.00

 PATH path84 FOUND 
SVG scale factor = 1.000000
SVG offset = 0.000000,0.000000
POLYGON 27)
ERROR

	raw = 6.09,0.00	coord = 12.77,0.00
	raw = 6.15,0.00	coord = 18.92,0.00
	raw = 5.83,0.00	coord = 24.75,0.00
	raw = 6.06,0.00	coord = 30.82,0.00
	raw = 6.09,0.00	coord = 36.91,0.00
	raw = 6.09,0.00	coord = 43.00,0.00
End polygon at 6.09,0.00

 PATH path82 FOUND 
SVG scale factor = 1.000000
SVG offset = 0.000000,0.000000
POLYGON 28)
ERROR

	raw = 6.15,0.00	coord = 12.24,0.00
	raw = 6.09,0.00	coord = 18.34,0.00
	raw = 6.09,0.00	coord = 24.43,0.00
	raw = 6.06,0.00	coord = 30.49,0.00
	raw = 5.83,0.00	coord = 36.32,0.00
	raw = 6.15,0.00	coord = 42.47,0.00
End polygon at 6.15,0.00

 PATH path80 FOUND 
SVG scale factor = 1.000000
SVG offset = 0.000000,0.000000
POLYGON 29)
ERROR

	raw = 6.26,0.00	coord = 12.41,0.00
	raw = 6.19,0.00	coord = 18.60,0.00
	raw = 5.91,0.00	coord = 24.51,0.00
	raw = 5.92,0.00	coord = 30.43,0.00
	raw = 6.26,0.00	coord = 36.69,0.00
End polygon at 6.26,0.00

 PATH path78 FOUND 
SVG scale factor = 1.000000
SVG offset = 0.000000,0.000000
POLYGON 30)
ERROR

	raw = 6.19,0.00	coord = 12.44,0.00
	raw = 6.26,0.00	coord = 18.70,0.00
	raw = 5.92,0.00	coord = 24.62,0.00
	raw = 5.91,0.00	coord = 30.54,0.00
	raw = 6.19,0.00	coord = 36.73,0.00
End polygon at 6.19,0.00

 PATH path74 FOUND 
SVG scale factor = 1.000000
SVG offset = 0.000000,0.000000
POLYGON 31)
ERROR

	raw = 6.24,0.00	coord = 12.43,0.00
	raw = 6.13,0.00	coord = 18.56,0.00
	raw = 6.73,0.00	coord = 25.29,0.00
	raw = 6.82,0.00	coord = 32.10,0.00
	raw = 6.73,0.00	coord = 38.84,0.00
	raw = 6.69,0.00	coord = 45.53,0.00
	raw = 7.01,0.00	coord = 52.54,0.00
	raw = 6.77,0.00	coord = 59.30,0.00
	raw = 6.75,0.00	coord = 66.06,0.00
	raw = 6.09,0.00	coord = 72.15,0.00
	raw = 6.43,0.00	coord = 78.58,0.00
	raw = 5.80,0.00	coord = 84.38,0.00
	raw = 6.28,0.00	coord = 90.66,0.00
	raw = 5.75,0.00	coord = 96.40,0.00
	raw = 5.79,0.00	coord = 102.20,0.00
	raw = 5.99,0.00	coord = 108.19,0.00
	raw = 5.98,0.00	coord = 114.17,0.00
	raw = 6.13,0.00	coord = 120.29,0.00
	raw = 6.22,0.00	coord = 126.52,0.00
	raw = 6.72,0.00	coord = 133.23,0.00
	raw = 5.86,0.00	coord = 139.10,0.00
	raw = 6.67,0.00	coord = 145.77,0.00
	raw = 5.90,0.00	coord = 151.68,0.00
	raw = 6.21,0.00	coord = 157.89,0.00
	raw = 5.77,0.00	coord = 163.66,0.00
	raw = 6.71,0.00	coord = 170.37,0.00
	raw = 6.11,0.00	coord = 176.48,0.00
	raw = 6.72,0.00	coord = 183.19,0.00
	raw = 5.75,0.00	coord = 188.94,0.00
	raw = 5.86,0.00	coord = 194.80,0.00
	raw = 7.29,0.00	coord = 202.09,0.00
	raw = 6.54,0.00	coord = 208.63,0.00
	raw = 6.63,0.00	coord = 215.26,0.00
	raw = 9.82,0.00	coord = 225.08,0.00
	raw = 9.82,0.00	coord = 234.90,0.00
	raw = 5.51,0.00	coord = 240.41,0.00
	raw = 5.51,0.00	coord = 245.92,0.00
	raw = 5.36,0.00	coord = 251.28,0.00
	raw = 5.45,0.00	coord = 256.73,0.00
	raw = 5.45,0.00	coord = 262.18,0.00
	raw = 5.36,0.00	coord = 267.55,0.00
	raw = 5.31,0.00	coord = 272.86,0.00
	raw = 5.31,0.00	coord = 278.17,0.00
	raw = 5.42,0.00	coord = 283.59,0.00
	raw = 5.38,0.00	coord = 288.98,0.00
	raw = 5.44,0.00	coord = 294.41,0.00
	raw = 5.29,0.00	coord = 299.70,0.00
	raw = 5.48,0.00	coord = 305.19,0.00
	raw = 5.51,0.00	coord = 310.70,0.00
	raw = 5.53,0.00	coord = 316.22,0.00
	raw = 5.89,0.00	coord = 322.12,0.00
	raw = 5.87,0.00	coord = 327.99,0.00
	raw = 9.17,0.00	coord = 337.16,0.00
	raw = 7.45,0.00	coord = 344.61,0.00
	raw = 5.95,0.00	coord = 350.57,0.00
	raw = 6.19,0.00	coord = 356.76,0.00
	raw = 6.79,0.00	coord = 363.54,0.00
	raw = 7.23,0.00	coord = 370.77,0.00
	raw = 7.37,0.00	coord = 378.14,0.00
	raw = 6.05,0.00	coord = 384.20,0.00
	raw = 6.24,0.00	coord = 390.44,0.00
End polygon at 6.24,0.00

 PATH path72 FOUND 
SVG scale factor = 1.000000
SVG offset = 0.000000,0.000000
POLYGON 32)
ERROR

	raw = 6.21,0.00	coord = 12.45,0.00
	raw = 5.91,0.00	coord = 18.36,0.00
	raw = 5.91,0.00	coord = 24.28,0.00
	raw = 6.63,0.00	coord = 30.91,0.00
	raw = 6.70,0.00	coord = 37.61,0.00
	raw = 6.21,0.00	coord = 43.83,0.00
End polygon at 6.21,0.00

 PATH path70 FOUND 
SVG scale factor = 1.000000
SVG offset = 0.000000,0.000000
POLYGON 33)
ERROR

	raw = 5.91,0.00	coord = 12.12,0.00
	raw = 6.21,0.00	coord = 18.34,0.00
	raw = 6.70,0.00	coord = 25.04,0.00
	raw = 6.63,0.00	coord = 31.68,0.00
	raw = 5.91,0.00	coord = 37.59,0.00
	raw = 5.91,0.00	coord = 43.50,0.00
End polygon at 5.91,0.00

 PATH path68 FOUND 
SVG scale factor = 1.000000
SVG offset = 0.000000,0.000000
POLYGON 34)
ERROR

	raw = 5.86,0.00	coord = 11.77,0.00
	raw = 5.91,0.00	coord = 17.68,0.00
	raw = 5.91,0.00	coord = 23.59,0.00
	raw = 5.86,0.00	coord = 29.46,0.00
End polygon at 5.86,0.00

 PATH path66 FOUND 
SVG scale factor = 1.000000
SVG offset = 0.000000,0.000000
POLYGON 35)
ERROR

	raw = 5.91,0.00	coord = 11.77,0.00
	raw = 5.86,0.00	coord = 17.64,0.00
	raw = 5.91,0.00	coord = 23.55,0.00
	raw = 5.91,0.00	coord = 29.46,0.00
End polygon at 5.91,0.00

 PATH path64 FOUND 
SVG scale factor = 1.000000
SVG offset = 0.000000,0.000000
POLYGON 36)
ERROR

	raw = 5.95,0.00	coord = 11.86,0.00
	raw = 5.91,0.00	coord = 17.77,0.00
	raw = 5.91,0.00	coord = 23.68,0.00
	raw = 5.95,0.00	coord = 29.63,0.00
End polygon at 5.95,0.00

 PATH path62 FOUND 
SVG scale factor = 1.000000
SVG offset = 0.000000,0.000000
POLYGON 37)
ERROR

	raw = 5.91,0.00	coord = 11.86,0.00
	raw = 5.95,0.00	coord = 17.81,0.00
	raw = 5.91,0.00	coord = 23.72,0.00
	raw = 5.91,0.00	coord = 29.63,0.00
End polygon at 5.91,0.00

 PATH path60 FOUND 
SVG scale factor = 1.000000
SVG offset = 0.000000,0.000000
POLYGON 38)
ERROR

	raw = 5.91,0.00	coord = 11.82,0.00
	raw = 5.91,0.00	coord = 17.73,0.00
	raw = 5.75,0.00	coord = 23.48,0.00
	raw = 5.81,0.00	coord = 29.30,0.00
	raw = 5.76,0.00	coord = 35.06,0.00
	raw = 5.81,0.00	coord = 40.87,0.00
	raw = 5.91,0.00	coord = 46.78,0.00
	raw = 5.91,0.00	coord = 52.69,0.00
End polygon at 5.91,0.00

 PATH path58 FOUND 
SVG scale factor = 1.000000
SVG offset = 0.000000,0.000000
POLYGON 39)
ERROR

	raw = 5.91,0.00	coord = 11.82,0.00
	raw = 5.91,0.00	coord = 17.73,0.00
	raw = 5.91,0.00	coord = 23.65,0.00
	raw = 5.81,0.00	coord = 29.46,0.00
	raw = 5.76,0.00	coord = 35.22,0.00
	raw = 5.81,0.00	coord = 41.03,0.00
	raw = 5.75,0.00	coord = 46.78,0.00
	raw = 5.91,0.00	coord = 52.69,0.00
End polygon at 5.91,0.00

 PATH path56 FOUND 
SVG scale factor = 1.000000
SVG offset = 0.000000,0.000000
POLYGON 40)
ERROR

	raw = 5.92,0.00	coord = 11.83,0.00
	raw = 5.94,0.00	coord = 17.77,0.00
	raw = 5.60,0.00	coord = 23.37,0.00
	raw = 5.64,0.00	coord = 29.02,0.00
	raw = 5.92,0.00	coord = 34.94,0.00
End polygon at 5.92,0.00

 PATH path54 FOUND 
SVG scale factor = 1.000000
SVG offset = 0.000000,0.000000
POLYGON 41)
ERROR

	raw = 5.94,0.00	coord = 11.86,0.00
	raw = 5.92,0.00	coord = 17.78,0.00
	raw = 5.64,0.00	coord = 23.42,0.00
	raw = 5.60,0.00	coord = 29.03,0.00
	raw = 5.94,0.00	coord = 34.96,0.00
End polygon at 5.94,0.00

 PATH path52 FOUND 
SVG scale factor = 1.000000
SVG offset = 0.000000,0.000000
POLYGON 42)
ERROR

	raw = 4.56,0.00	coord = 10.49,0.00
	raw = 4.70,0.00	coord = 15.20,0.00
	raw = 3.83,0.00	coord = 19.03,0.00
	raw = 3.91,0.00	coord = 22.94,0.00
	raw = 3.92,0.00	coord = 26.85,0.00
	raw = 4.56,0.00	coord = 31.41,0.00
End polygon at 4.56,0.00

 PATH path50 FOUND 
SVG scale factor = 1.000000
SVG offset = 0.000000,0.000000
POLYGON 43)
ERROR

	raw = 4.70,0.00	coord = 9.26,0.00
	raw = 4.56,0.00	coord = 13.82,0.00
	raw = 3.92,0.00	coord = 17.73,0.00
	raw = 3.91,0.00	coord = 21.64,0.00
	raw = 3.83,0.00	coord = 25.47,0.00
	raw = 4.70,0.00	coord = 30.18,0.00
End polygon at 4.70,0.00

 PATH path48 FOUND 
SVG scale factor = 1.000000
SVG offset = 0.000000,0.000000
POLYGON 44)
ERROR

	raw = 4.67,0.00	coord = 9.37,0.00
	raw = 4.04,0.00	coord = 13.42,0.00
	raw = 4.07,0.00	coord = 17.49,0.00
	raw = 4.67,0.00	coord = 22.15,0.00
End polygon at 4.67,0.00

 PATH path46 FOUND 
SVG scale factor = 1.000000
SVG offset = 0.000000,0.000000
POLYGON 45)
ERROR

	raw = 4.04,0.00	coord = 8.71,0.00
	raw = 4.67,0.00	coord = 13.38,0.00
	raw = 4.07,0.00	coord = 17.45,0.00
	raw = 4.04,0.00	coord = 21.49,0.00
End polygon at 4.04,0.00

 PATH path44 FOUND 
SVG scale factor = 1.000000
SVG offset = 0.000000,0.000000
POLYGON 46)
ERROR

	raw = 4.07,0.00	coord = 8.12,0.00
	raw = 4.08,0.00	coord = 12.19,0.00
	raw = 4.08,0.00	coord = 16.27,0.00
	raw = 4.09,0.00	coord = 20.36,0.00
	raw = 4.42,0.00	coord = 24.78,0.00
	raw = 4.07,0.00	coord = 28.85,0.00
End polygon at 4.07,0.00

 PATH path42 FOUND 
SVG scale factor = 1.000000
SVG offset = 0.000000,0.000000
POLYGON 47)
ERROR

	raw = 4.08,0.00	coord = 8.15,0.00
	raw = 4.07,0.00	coord = 12.22,0.00
	raw = 4.42,0.00	coord = 16.64,0.00
	raw = 4.09,0.00	coord = 20.73,0.00
	raw = 4.08,0.00	coord = 24.81,0.00
	raw = 4.08,0.00	coord = 28.88,0.00
End polygon at 4.08,0.00

 PATH path40 FOUND 
SVG scale factor = 1.000000
SVG offset = 0.000000,0.000000
POLYGON 48)
ERROR

	raw = 4.01,0.00	coord = 8.09,0.00
	raw = 4.07,0.00	coord = 12.16,0.00
	raw = 4.07,0.00	coord = 16.23,0.00
	raw = 4.07,0.00	coord = 20.31,0.00
	raw = 4.07,0.00	coord = 24.38,0.00
	raw = 4.01,0.00	coord = 28.39,0.00
End polygon at 4.01,0.00

 PATH path38 FOUND 
SVG scale factor = 1.000000
SVG offset = 0.000000,0.000000
POLYGON 49)
ERROR

	raw = 4.07,0.00	coord = 8.09,0.00
	raw = 4.01,0.00	coord = 12.10,0.00
	raw = 4.07,0.00	coord = 16.17,0.00
	raw = 4.07,0.00	coord = 20.24,0.00
	raw = 4.07,0.00	coord = 24.31,0.00
	raw = 4.07,0.00	coord = 28.39,0.00
End polygon at 4.07,0.00

 PATH path36 FOUND 
SVG scale factor = 1.000000
SVG offset = 0.000000,0.000000
POLYGON 50)
ERROR

	raw = 4.49,0.00	coord = 8.56,0.00
	raw = 4.69,0.00	coord = 13.26,0.00
	raw = 4.45,0.00	coord = 17.71,0.00
	raw = 4.37,0.00	coord = 22.08,0.00
	raw = 4.51,0.00	coord = 26.59,0.00
	raw = 4.49,0.00	coord = 31.08,0.00
	raw = 4.31,0.00	coord = 35.39,0.00
	raw = 4.15,0.00	coord = 39.54,0.00
	raw = 4.25,0.00	coord = 43.79,0.00
	raw = 4.61,0.00	coord = 48.40,0.00
	raw = 4.09,0.00	coord = 52.49,0.00
	raw = 4.09,0.00	coord = 56.58,0.00
	raw = 4.49,0.00	coord = 61.07,0.00
End polygon at 4.49,0.00

 PATH path34 FOUND 
SVG scale factor = 1.000000
SVG offset = 0.000000,0.000000
POLYGON 51)
ERROR

	raw = 4.69,0.00	coord = 9.18,0.00
	raw = 4.49,0.00	coord = 13.67,0.00
	raw = 4.09,0.00	coord = 17.76,0.00
	raw = 4.09,0.00	coord = 21.85,0.00
	raw = 4.61,0.00	coord = 26.46,0.00
	raw = 4.25,0.00	coord = 30.71,0.00
	raw = 4.15,0.00	coord = 34.86,0.00
	raw = 4.31,0.00	coord = 39.18,0.00
	raw = 4.49,0.00	coord = 43.66,0.00
	raw = 4.51,0.00	coord = 48.17,0.00
	raw = 4.37,0.00	coord = 52.54,0.00
	raw = 4.45,0.00	coord = 56.99,0.00
	raw = 4.69,0.00	coord = 61.69,0.00
End polygon at 4.69,0.00

 PATH path30 FOUND 
SVG scale factor = 1.000000
SVG offset = 0.000000,0.000000
POLYGON 52)
ERROR

	raw = 2.29,0.00	coord = 6.98,0.00
	raw = 2.21,0.00	coord = 9.19,0.00
	raw = 2.16,0.00	coord = 11.35,0.00
	raw = 2.14,0.00	coord = 13.48,0.00
	raw = 2.12,0.00	coord = 15.61,0.00
	raw = 2.12,0.00	coord = 17.72,0.00
	raw = 2.12,0.00	coord = 19.84,0.00
	raw = 4.09,0.00	coord = 23.93,0.00
	raw = 4.09,0.00	coord = 28.02,0.00
	raw = 4.71,0.00	coord = 32.74,0.00
	raw = 4.63,0.00	coord = 37.37,0.00
	raw = 4.10,0.00	coord = 41.47,0.00
	raw = 4.29,0.00	coord = 45.76,0.00
	raw = 3.88,0.00	coord = 49.64,0.00
	raw = 4.06,0.00	coord = 53.70,0.00
	raw = 4.29,0.00	coord = 57.99,0.00
	raw = 4.19,0.00	coord = 62.18,0.00
	raw = 4.05,0.00	coord = 66.23,0.00
	raw = 4.54,0.00	coord = 70.77,0.00
	raw = 4.26,0.00	coord = 75.03,0.00
	raw = 4.25,0.00	coord = 79.28,0.00
	raw = 4.51,0.00	coord = 83.80,0.00
	raw = 4.64,0.00	coord = 88.44,0.00
	raw = 4.41,0.00	coord = 92.85,0.00
	raw = 4.09,0.00	coord = 96.94,0.00
	raw = 4.69,0.00	coord = 101.64,0.00
	raw = 4.19,0.00	coord = 105.83,0.00
	raw = 2.86,0.00	coord = 108.69,0.00
	raw = 4.76,0.00	coord = 113.45,0.00
	raw = 3.70,0.00	coord = 117.15,0.00
	raw = 3.46,0.00	coord = 120.61,0.00
	raw = 4.37,0.00	coord = 124.98,0.00
	raw = 4.12,0.00	coord = 129.10,0.00
	raw = 3.65,0.00	coord = 132.75,0.00
	raw = 4.12,0.00	coord = 136.87,0.00
	raw = 3.80,0.00	coord = 140.66,0.00
	raw = 4.55,0.00	coord = 145.22,0.00
	raw = 3.71,0.00	coord = 148.93,0.00
	raw = 3.87,0.00	coord = 152.79,0.00
	raw = 3.64,0.00	coord = 156.43,0.00
	raw = 4.46,0.00	coord = 160.90,0.00
	raw = 4.79,0.00	coord = 165.68,0.00
	raw = 4.74,0.00	coord = 170.42,0.00
	raw = 4.11,0.00	coord = 174.53,0.00
	raw = 3.80,0.00	coord = 178.32,0.00
	raw = 3.62,0.00	coord = 181.94,0.00
	raw = 3.84,0.00	coord = 185.78,0.00
	raw = 4.38,0.00	coord = 190.17,0.00
	raw = 4.43,0.00	coord = 194.60,0.00
	raw = 5.24,0.00	coord = 199.85,0.00
	raw = 5.23,0.00	coord = 205.07,0.00
	raw = 5.23,0.00	coord = 210.30,0.00
	raw = 4.95,0.00	coord = 215.25,0.00
	raw = 5.03,0.00	coord = 220.28,0.00
	raw = 4.98,0.00	coord = 225.26,0.00
	raw = 5.19,0.00	coord = 230.45,0.00
	raw = 5.25,0.00	coord = 235.70,0.00
	raw = 4.87,0.00	coord = 240.57,0.00
	raw = 5.13,0.00	coord = 245.70,0.00
	raw = 5.19,0.00	coord = 250.90,0.00
	raw = 5.12,0.00	coord = 256.02,0.00
	raw = 5.14,0.00	coord = 261.16,0.00
	raw = 4.85,0.00	coord = 266.01,0.00
	raw = 5.19,0.00	coord = 271.20,0.00
	raw = 4.89,0.00	coord = 276.09,0.00
	raw = 5.14,0.00	coord = 281.23,0.00
	raw = 5.20,0.00	coord = 286.43,0.00
	raw = 4.92,0.00	coord = 291.35,0.00
	raw = 4.88,0.00	coord = 296.23,0.00
	raw = 5.21,0.00	coord = 301.45,0.00
	raw = 4.83,0.00	coord = 306.28,0.00
	raw = 5.21,0.00	coord = 311.49,0.00
	raw = 5.21,0.00	coord = 316.70,0.00
	raw = 0.18,0.00	coord = 316.88,0.00
	raw = 0.18,0.00	coord = 317.06,0.00
	raw = 0.18,0.00	coord = 317.24,0.00
	raw = 0.18,0.00	coord = 317.42,0.00
	raw = 0.19,0.00	coord = 317.62,0.00
	raw = 0.20,0.00	coord = 317.82,0.00
	raw = 0.22,0.00	coord = 318.04,0.00
	raw = 0.24,0.00	coord = 318.28,0.00
	raw = 0.26,0.00	coord = 318.54,0.00
	raw = 0.30,0.00	coord = 318.83,0.00
	raw = 0.34,0.00	coord = 319.17,0.00
	raw = 0.39,0.00	coord = 319.56,0.00
	raw = 0.46,0.00	coord = 320.01,0.00
	raw = 0.54,0.00	coord = 320.55,0.00
	raw = 0.64,0.00	coord = 321.19,0.00
	raw = 0.75,0.00	coord = 321.94,0.00
	raw = 0.89,0.00	coord = 322.83,0.00
	raw = 1.03,0.00	coord = 323.86,0.00
	raw = 1.20,0.00	coord = 325.06,0.00
	raw = 1.37,0.00	coord = 326.43,0.00
	raw = 1.55,0.00	coord = 327.98,0.00
	raw = 1.74,0.00	coord = 329.72,0.00
	raw = 1.94,0.00	coord = 331.66,0.00
	raw = 3.19,0.00	coord = 334.85,0.00
	raw = 2.17,0.00	coord = 337.02,0.00
	raw = 3.35,0.00	coord = 340.37,0.00
	raw = 1.48,0.00	coord = 341.85,0.00
	raw = 2.01,0.00	coord = 343.87,0.00
	raw = 3.25,0.00	coord = 347.12,0.00
	raw = 4.22,0.00	coord = 351.34,0.00
	raw = 0.96,0.00	coord = 352.30,0.00
	raw = 2.91,0.00	coord = 355.21,0.00
	raw = 1.63,0.00	coord = 356.83,0.00
	raw = 1.35,0.00	coord = 358.18,0.00
	raw = 1.10,0.00	coord = 359.28,0.00
	raw = 4.30,0.00	coord = 363.58,0.00
	raw = 1.69,0.00	coord = 365.26,0.00
	raw = 1.04,0.00	coord = 366.31,0.00
	raw = 1.09,0.00	coord = 367.40,0.00
	raw = 3.83,0.00	coord = 371.23,0.00
	raw = 3.88,0.00	coord = 375.11,0.00
	raw = 4.19,0.00	coord = 379.30,0.00
	raw = 4.47,0.00	coord = 383.76,0.00
	raw = 4.35,0.00	coord = 388.11,0.00
	raw = 3.89,0.00	coord = 391.99,0.00
	raw = 3.76,0.00	coord = 395.76,0.00
	raw = 3.60,0.00	coord = 399.35,0.00
	raw = 3.41,0.00	coord = 402.76,0.00
	raw = 3.20,0.00	coord = 405.96,0.00
	raw = 2.99,0.00	coord = 408.95,0.00
	raw = 2.78,0.00	coord = 411.73,0.00
	raw = 2.58,0.00	coord = 414.31,0.00
	raw = 2.41,0.00	coord = 416.72,0.00
	raw = 2.29,0.00	coord = 419.01,0.00
End polygon at 2.29,0.00

 PATH path28 FOUND 
SVG scale factor = 1.000000
SVG offset = 0.000000,0.000000
POLYGON 53)
ERROR

	raw = 3.23,0.00	coord = 5.51,0.00
	raw = 4.09,0.00	coord = 9.60,0.00
	raw = 4.09,0.00	coord = 13.69,0.00
	raw = 3.23,0.00	coord = 16.92,0.00
End polygon at 3.23,0.00

 PATH path26 FOUND 
SVG scale factor = 1.000000
SVG offset = 0.000000,0.000000
POLYGON 54)
ERROR

	raw = 4.09,0.00	coord = 7.32,0.00
	raw = 3.23,0.00	coord = 10.55,0.00
	raw = 4.09,0.00	coord = 14.64,0.00
	raw = 4.09,0.00	coord = 18.73,0.00
End polygon at 4.09,0.00

 PATH path24 FOUND 
SVG scale factor = 1.000000
SVG offset = 0.000000,0.000000
POLYGON 55)
ERROR

	raw = 3.48,0.00	coord = 7.57,0.00
	raw = 3.89,0.00	coord = 11.46,0.00
	raw = 3.82,0.00	coord = 15.28,0.00
	raw = 4.09,0.00	coord = 19.37,0.00
	raw = 4.09,0.00	coord = 23.46,0.00
	raw = 4.09,0.00	coord = 27.55,0.00
	raw = 4.09,0.00	coord = 31.64,0.00
	raw = 4.09,0.00	coord = 35.73,0.00
	raw = 3.48,0.00	coord = 39.21,0.00
End polygon at 3.48,0.00

 PATH path22 FOUND 
SVG scale factor = 1.000000
SVG offset = 0.000000,0.000000
POLYGON 56)
ERROR

	raw = 3.89,0.00	coord = 7.37,0.00
	raw = 3.48,0.00	coord = 10.85,0.00
	raw = 4.09,0.00	coord = 14.94,0.00
	raw = 4.09,0.00	coord = 19.03,0.00
	raw = 4.09,0.00	coord = 23.12,0.00
	raw = 4.09,0.00	coord = 27.21,0.00
	raw = 4.09,0.00	coord = 31.30,0.00
	raw = 3.82,0.00	coord = 35.12,0.00
	raw = 3.89,0.00	coord = 39.01,0.00
End polygon at 3.89,0.00

 PATH path20 FOUND 
SVG scale factor = 1.000000
SVG offset = 0.000000,0.000000
POLYGON 57)
ERROR

	raw = 4.01,0.00	coord = 7.90,0.00
	raw = 4.41,0.00	coord = 12.31,0.00
	raw = 4.03,0.00	coord = 16.35,0.00
	raw = 4.01,0.00	coord = 20.36,0.00
End polygon at 4.01,0.00

 PATH path18 FOUND 
SVG scale factor = 1.000000
SVG offset = 0.000000,0.000000
POLYGON 58)
ERROR

	raw = 4.41,0.00	coord = 8.42,0.00
	raw = 4.01,0.00	coord = 12.43,0.00
	raw = 4.03,0.00	coord = 16.46,0.00
	raw = 4.41,0.00	coord = 20.87,0.00
End polygon at 4.41,0.00

 PATH path16 FOUND 
SVG scale factor = 1.000000
SVG offset = 0.000000,0.000000
POLYGON 59)
ERROR

	raw = 4.04,0.00	coord = 8.45,0.00
	raw = 4.03,0.00	coord = 12.49,0.00
	raw = 3.97,0.00	coord = 16.45,0.00
	raw = 3.72,0.00	coord = 20.17,0.00
	raw = 4.04,0.00	coord = 24.21,0.00
	raw = 4.04,0.00	coord = 28.26,0.00
End polygon at 4.04,0.00

 PATH path14 FOUND 
SVG scale factor = 1.000000
SVG offset = 0.000000,0.000000
POLYGON 60)
ERROR

	raw = 4.03,0.00	coord = 8.08,0.00
	raw = 4.04,0.00	coord = 12.12,0.00
	raw = 4.04,0.00	coord = 16.16,0.00
	raw = 3.72,0.00	coord = 19.88,0.00
	raw = 3.97,0.00	coord = 23.85,0.00
	raw = 4.03,0.00	coord = 27.88,0.00
End polygon at 4.03,0.00

 PATH path12 FOUND 
SVG scale factor = 1.000000
SVG offset = 0.000000,0.000000
POLYGON 61)
ERROR

	raw = 4.41,0.00	coord = 8.44,0.00
	raw = 4.33,0.00	coord = 12.77,0.00
	raw = 4.59,0.00	coord = 17.36,0.00
	raw = 3.92,0.00	coord = 21.28,0.00
	raw = 3.94,0.00	coord = 25.22,0.00
	raw = 3.94,0.00	coord = 29.16,0.00
	raw = 3.95,0.00	coord = 33.12,0.00
	raw = 4.00,0.00	coord = 37.11,0.00
	raw = 4.41,0.00	coord = 41.52,0.00
End polygon at 4.41,0.00

 PATH path10 FOUND 
SVG scale factor = 1.000000
SVG offset = 0.000000,0.000000
POLYGON 62)
ERROR

	raw = 4.33,0.00	coord = 8.74,0.00
	raw = 4.41,0.00	coord = 13.14,0.00
	raw = 4.00,0.00	coord = 17.14,0.00
	raw = 3.95,0.00	coord = 21.09,0.00
	raw = 3.94,0.00	coord = 25.04,0.00
	raw = 3.94,0.00	coord = 28.98,0.00
	raw = 3.92,0.00	coord = 32.90,0.00
	raw = 4.59,0.00	coord = 37.49,0.00
	raw = 4.33,0.00	coord = 41.82,0.00
End polygon at 4.33,0.00

 PATH path8 FOUND 
SVG scale factor = 1.000000
SVG offset = 0.000000,0.000000
POLYGON 63)
ERROR

	raw = 4.00,0.00	coord = 8.33,0.00
	raw = 4.01,0.00	coord = 12.34,0.00
	raw = 3.85,0.00	coord = 16.18,0.00
	raw = 4.00,0.00	coord = 20.18,0.00
	raw = 4.00,0.00	coord = 24.18,0.00
End polygon at 4.00,0.00

 PATH path6 FOUND 
SVG scale factor = 1.000000
SVG offset = 0.000000,0.000000
POLYGON 64)
ERROR

	raw = 4.01,0.00	coord = 8.01,0.00
	raw = 4.00,0.00	coord = 12.01,0.00
	raw = 4.00,0.00	coord = 16.01,0.00
	raw = 3.85,0.00	coord = 19.86,0.00
	raw = 4.01,0.00	coord = 23.87,0.00
End polygon at 4.01,0.00

 PATH path4 FOUND 
SVG scale factor = 1.000000
SVG offset = 0.000000,0.000000
POLYGON 65)
ERROR

	raw = 3.69,0.00	coord = 7.70,0.00
	raw = 3.92,0.00	coord = 11.62,0.00
	raw = 3.90,0.00	coord = 15.53,0.00
	raw = 3.90,0.00	coord = 19.43,0.00
	raw = 3.89,0.00	coord = 23.32,0.00
	raw = 3.72,0.00	coord = 27.03,0.00
	raw = 3.69,0.00	coord = 30.72,0.00
End polygon at 3.69,0.00

 PATH path2 FOUND 
SVG scale factor = 1.000000
SVG offset = 0.000000,0.000000
POLYGON 66)
ERROR

	raw = 3.92,0.00	coord = 7.61,0.00
	raw = 3.69,0.00	coord = 11.30,0.00
	raw = 3.72,0.00	coord = 15.02,0.00
	raw = 3.89,0.00	coord = 18.90,0.00
	raw = 3.90,0.00	coord = 22.80,0.00
	raw = 3.90,0.00	coord = 26.71,0.00
	raw = 3.92,0.00	coord = 30.63,0.00
End polygon at 3.92,0.00


Object origin:
757.827092 0.000000

Eagle Command:
set wire_bend 2;
change layer tNames;
set width 0.000500;
poly (R -0.753989 0.000000) (R -0.749888 0.000000) (R -0.745692 0.000000) (R -0.741391 0.000000) (R -0.736978 0.000000) (R -0.732442 0.000000) (R -0.727859 0.000000) (R -0.723057 0.000000) (R -0.718391 0.000000) (R -0.713850 0.000000) (R -0.709074 0.000000) (R -0.704138 0.000000) (R -0.699650 0.000000) (R -0.694940 0.000000) (R -0.690496 0.000000) (R -0.685729 0.000000) (R -0.681149 0.000000) (R -0.676661 0.000000) (R -0.672457 0.000000) (R -0.667836 0.000000) (R -0.663204 0.000000) (R -0.659274 0.000000) (R -0.655269 0.000000) (R -0.651256 0.000000) (R -0.647238 0.000000) (R -0.753989 0.000000) (R -0.749888 0.000000) (R -0.745871 0.000000) (R -0.741857 0.000000) (R -0.737852 0.000000) (R -0.733922 0.000000) (R -0.729291 0.000000) (R -0.724669 0.000000) (R -0.720465 0.000000) (R -0.715978 0.000000) (R -0.711397 0.000000) (R -0.706630 0.000000) (R -0.702186 0.000000) (R -0.697477 0.000000) (R -0.692989 0.000000) (R -0.688053 0.000000) (R -0.683276 0.000000) (R -0.678735 0.000000) (R -0.674069 0.000000) (R -0.669267 0.000000) (R -0.664684 0.000000) (R -0.660148 0.000000) (R -0.655736 0.000000) (R -0.651435 0.000000) (R -0.647239 0.000000) (R -0.643138 0.000000) (R -0.753905 0.000000) (R -0.750946 0.000000) (R -0.748147 0.000000) (R -0.745550 0.000000) (R -0.743168 0.000000) (R -0.740983 0.000000) (R -0.738956 0.000000) (R -0.737047 0.000000) (R -0.735160 0.000000) (R -0.733335 0.000000) (R -0.731538 0.000000) (R -0.729747 0.000000) (R -0.727941 0.000000) (R -0.726101 0.000000) (R -0.724199 0.000000) (R -0.722203 0.000000) (R -0.720085 0.000000) (R -0.717811 0.000000) (R -0.715363 0.000000) (R -0.712727 0.000000) (R -0.709897 0.000000) (R -0.706853 0.000000) (R -0.703974 0.000000) (R -0.701142 0.000000) (R -0.698492 0.000000) (R -0.696020 0.000000) (R -0.693759 0.000000) (R -0.691701 0.000000) (R -0.689834 0.000000) (R -0.688149 0.000000) (R -0.686636 0.000000) (R -0.685286 0.000000) (R -0.684088 0.000000) (R -0.683032 0.000000) (R -0.682109 0.000000) (R -0.681308 0.000000) (R -0.680619 0.000000) (R -0.680034 0.000000) (R -0.679544 0.000000) (R -0.679140 0.000000) (R -0.678815 0.000000) (R -0.678559 0.000000) (R -0.678365 0.000000) (R -0.678214 0.000000) (R -0.678100 0.000000) (R -0.678019 0.000000) (R -0.677964 0.000000) (R -0.677931 0.000000) (R -0.677915 0.000000) (R -0.677908 0.000000) (R -0.677907 0.000000) (R -0.677905 0.000000) (R -0.677900 0.000000) (R -0.677884 0.000000) (R -0.677854 0.000000) (R -0.677805 0.000000) (R -0.677732 0.000000) (R -0.677631 0.000000) (R -0.677490 0.000000) (R -0.677303 0.000000) (R -0.677062 0.000000) (R -0.676761 0.000000) (R -0.676381 0.000000) (R -0.675915 0.000000) (R -0.675355 0.000000) (R -0.674681 0.000000) (R -0.673883 0.000000) (R -0.672952 0.000000) (R -0.671880 0.000000) (R -0.670657 0.000000) (R -0.669275 0.000000) (R -0.667727 0.000000) (R -0.665988 0.000000) (R -0.664055 0.000000) (R -0.661925 0.000000) (R -0.659595 0.000000) (R -0.657061 0.000000) (R -0.654320 0.000000) (R -0.651362 0.000000) (R -0.648184 0.000000) (R -0.644796 0.000000) (R -0.641206 0.000000) (R -0.637342 0.000000) (R -0.633890 0.000000) (R -0.631341 0.000000) (R -0.629012 0.000000) (R -0.625770 0.000000) (R -0.621857 0.000000) (R -0.619477 0.000000) (R -0.616099 0.000000) (R -0.612360 0.000000) (R -0.608448 0.000000) (R -0.605261 0.000000) (R -0.601381 0.000000) (R -0.597081 0.000000) (R -0.593249 0.000000) (R -0.589515 0.000000) (R -0.585633 0.000000) (R -0.582137 0.000000) (R -0.578287 0.000000) (R -0.574361 0.000000) (R -0.570231 0.000000) (R -0.566698 0.000000) (R -0.562913 0.000000) (R -0.558628 0.000000) (R -0.554832 0.000000) (R -0.550552 0.000000) (R -0.546483 0.000000) (R -0.542540 0.000000) (R -0.538806 0.000000) (R -0.534552 0.000000) (R -0.530154 0.000000) (R -0.526214 0.000000) (R -0.521558 0.000000) (R -0.516573 0.000000) (R -0.511782 0.000000) (R -0.507554 0.000000) (R -0.503401 0.000000) (R -0.498983 0.000000) (R -0.494728 0.000000) (R -0.489866 0.000000) (R -0.485457 0.000000) (R -0.480891 0.000000) (R -0.477061 0.000000) (R -0.473278 0.000000) (R -0.469558 0.000000) (R -0.465894 0.000000) (R -0.462284 0.000000) (R -0.458729 0.000000) (R -0.455221 0.000000) (R -0.451760 0.000000) (R -0.448345 0.000000) (R -0.444978 0.000000) (R -0.441654 0.000000) (R -0.438378 0.000000) (R -0.435156 0.000000) (R -0.432000 0.000000) (R -0.428923 0.000000) (R -0.425964 0.000000) (R -0.755047 0.000000) (R -0.747533 0.000000) (R -0.739842 0.000000) (R -0.732005 0.000000) (R -0.724048 0.000000) (R -0.716009 0.000000) (R -0.707919 0.000000) (R -0.699804 0.000000) (R -0.691686 0.000000) (R -0.683580 0.000000) (R -0.675507 0.000000) (R -0.667492 0.000000) (R -0.659558 0.000000) (R -0.651729 0.000000) (R -0.644027 0.000000) (R -0.636476 0.000000) (R -0.629095 0.000000) (R -0.621900 0.000000) (R -0.614906 0.000000) (R -0.608122 0.000000) (R -0.601208 0.000000) (R -0.594687 0.000000) (R -0.588209 0.000000) (R -0.582122 0.000000) (R -0.575640 0.000000) (R -0.568959 0.000000) (R -0.562474 0.000000) (R -0.555988 0.000000) (R -0.549670 0.000000) (R -0.543574 0.000000) (R -0.537080 0.000000) (R -0.530586 0.000000) (R -0.522324 0.000000) (R -0.515821 0.000000) (R -0.509319 0.000000) (R -0.502817 0.000000) (R -0.496763 0.000000) (R -0.490255 0.000000) (R -0.483748 0.000000) (R -0.476809 0.000000) (R -0.470298 0.000000) (R -0.463787 0.000000) (R -0.457670 0.000000) (R -0.451155 0.000000) (R -0.444640 0.000000) (R -0.437691 0.000000) (R -0.430919 0.000000) (R -0.424266 0.000000) (R -0.417734 0.000000) (R -0.411203 0.000000) (R -0.404901 0.000000) (R -0.398415 0.000000) (R -0.392397 0.000000) (R -0.385852 0.000000) (R -0.379308 0.000000) (R -0.371781 0.000000) (R -0.365228 0.000000) (R -0.358676 0.000000) (R -0.352543 0.000000) (R -0.345987 0.000000) (R -0.339431 0.000000) (R -0.331420 0.000000) (R -0.324653 0.000000) (R -0.316637 0.000000) (R -0.310025 0.000000) (R -0.301932 0.000000) (R -0.295088 0.000000) (R -0.288411 0.000000) (R -0.281671 0.000000) (R -0.273869 0.000000) (R -0.267266 0.000000) (R -0.260662 0.000000) (R -0.254365 0.000000) (R -0.247759 0.000000) (R -0.240838 0.000000) (R -0.233632 0.000000) (R -0.226552 0.000000) (R -0.219716 0.000000) (R -0.213090 0.000000) (R -0.206464 0.000000) (R -0.200726 0.000000) (R -0.194637 0.000000) (R -0.188002 0.000000) (R -0.181367 0.000000) (R -0.173681 0.000000) (R -0.167039 0.000000) (R -0.160398 0.000000) (R -0.154320 0.000000) (R -0.147675 0.000000) (R -0.141029 0.000000) (R -0.133641 0.000000) (R -0.126102 0.000000) (R -0.118359 0.000000) (R -0.110418 0.000000) (R -0.102285 0.000000) (R -0.093967 0.000000) (R -0.085472 0.000000) (R -0.076805 0.000000) (R -0.067973 0.000000) (R -0.058983 0.000000) (R -0.049841 0.000000) (R -0.040563 0.000000) (R -0.031187 0.000000) (R -0.021718 0.000000) (R -0.012164 0.000000) (R -0.002532 0.000000) (R 0.007169 0.000000) (R 0.016933 0.000000) (R 0.026739 0.000000) (R 0.036584 0.000000) (R 0.046462 0.000000) (R 0.056370 0.000000) (R 0.066304 0.000000) (R 0.076259 0.000000) (R 0.086231 0.000000) (R 0.096217 0.000000) (R 0.106211 0.000000) (R 0.116209 0.000000) (R 0.126209 0.000000) (R 0.136208 0.000000) (R 0.146202 0.000000) (R 0.156186 0.000000) (R 0.166154 0.000000) (R 0.176102 0.000000) (R 0.186024 0.000000) (R 0.195917 0.000000) (R 0.205766 0.000000) (R 0.215566 0.000000) (R 0.225308 0.000000) (R 0.234987 0.000000) (R 0.244594 0.000000) (R 0.254109 0.000000) (R 0.263523 0.000000) (R 0.272826 0.000000) (R 0.282011 0.000000) (R 0.291067 0.000000) (R 0.299986 0.000000) (R 0.308758 0.000000) (R 0.317375 0.000000) (R 0.325828 0.000000) (R 0.334108 0.000000) (R 0.342212 0.000000) (R 0.350136 0.000000) (R 0.357878 0.000000) (R 0.365434 0.000000) (R 0.372799 0.000000) (R 0.379971 0.000000) (R 0.386946 0.000000) (R 0.393721 0.000000) (R 0.400288 0.000000) (R 0.406646 0.000000) (R 0.412989 0.000000) (R 0.419173 0.000000) (R 0.425144 0.000000) (R 0.430910 0.000000) (R 0.436694 0.000000) (R 0.442719 0.000000) (R 0.448842 0.000000) (R 0.454872 0.000000) (R 0.461337 0.000000) (R 0.467329 0.000000) (R 0.473453 0.000000) (R 0.479274 0.000000) (R 0.485192 0.000000) (R 0.490956 0.000000) (R 0.496518 0.000000) (R 0.502304 0.000000) (R 0.508507 0.000000) (R 0.514002 0.000000) (R 0.519696 0.000000) (R 0.525644 0.000000) (R 0.531548 0.000000) (R 0.537330 0.000000) (R 0.542901 0.000000) (R 0.549124 0.000000) (R 0.555324 0.000000) (R 0.561603 0.000000) (R 0.567577 0.000000) (R 0.573615 0.000000) (R 0.579988 0.000000) (R 0.586276 0.000000) (R 0.592493 0.000000) (R 0.598646 0.000000) (R 0.604601 0.000000) (R 0.611377 0.000000) (R 0.617875 0.000000) (R 0.624586 0.000000) (R 0.630479 0.000000) (R 0.636619 0.000000) (R 0.642405 0.000000) (R 0.648605 0.000000) (R 0.654468 0.000000) (R 0.660897 0.000000) (R 0.667309 0.000000) (R 0.672911 0.000000) (R 0.678889 0.000000) (R 0.684973 0.000000) (R 0.690984 0.000000) (R 0.697184 0.000000) (R 0.703174 0.000000) (R 0.709445 0.000000) (R 0.715820 0.000000) (R 0.722338 0.000000) (R 0.729026 0.000000) (R 0.735906 0.000000) (R 0.743001 0.000000) (R 0.750313 0.000000) (R 0.757827 0.000000) (R -0.750492 0.000000) (R -0.744451 0.000000) (R -0.737461 0.000000) (R -0.730308 0.000000) (R -0.722631 0.000000) (R -0.714912 0.000000) (R -0.707605 0.000000) (R -0.700942 0.000000) (R -0.692429 0.000000) (R -0.685357 0.000000) (R -0.678343 0.000000) (R -0.671221 0.000000) (R -0.664112 0.000000) (R -0.656541 0.000000) (R -0.649151 0.000000) (R -0.641987 0.000000) (R -0.633127 0.000000) (R -0.625147 0.000000) (R -0.616642 0.000000) (R -0.608766 0.000000) (R -0.601351 0.000000) (R -0.591530 0.000000) (R -0.581709 0.000000) (R -0.574357 0.000000) (R -0.567316 0.000000) (R -0.557633 0.000000) (R -0.549898 0.000000) (R -0.540217 0.000000) (R -0.532729 0.000000) (R -0.526129 0.000000) (R -0.517361 0.000000) (R -0.510916 0.000000) (R -0.504875 0.000000) (R -0.751965 0.000000) (R -0.746479 0.000000) (R -0.740896 0.000000) (R -0.735274 0.000000) (R -0.729799 0.000000) (R -0.724234 0.000000) (R -0.718670 0.000000) (R -0.713193 0.000000) (R -0.707767 0.000000) (R -0.702345 0.000000) (R -0.696810 0.000000) (R -0.691313 0.000000) (R -0.685762 0.000000) (R -0.680359 0.000000) (R -0.674762 0.000000) (R -0.669141 0.000000) (R -0.663473 0.000000) (R -0.657839 0.000000) (R -0.652389 0.000000) (R -0.646922 0.000000) (R -0.641301 0.000000) (R -0.635806 0.000000) (R -0.630211 0.000000) (R -0.624767 0.000000) (R -0.619327 0.000000) (R -0.613827 0.000000) (R -0.608433 0.000000) (R -0.602938 0.000000) (R -0.597461 0.000000) (R -0.592021 0.000000) (R -0.586454 0.000000) (R -0.581037 0.000000) (R -0.575546 0.000000) (R -0.570023 0.000000) (R -0.564456 0.000000) (R -0.558840 0.000000) (R -0.553365 0.000000) (R -0.547851 0.000000) (R -0.542356 0.000000) (R -0.536544 0.000000) (R -0.531037 0.000000) (R -0.525183 0.000000) (R -0.519639 0.000000) (R -0.514211 0.000000) (R -0.508558 0.000000) (R -0.503000 0.000000) (R -0.497209 0.000000) (R -0.491564 0.000000) (R -0.486038 0.000000) (R -0.480473 0.000000) (R -0.474828 0.000000) (R -0.469267 0.000000) (R -0.463479 0.000000) (R -0.457972 0.000000) (R -0.452146 0.000000) (R -0.446398 0.000000) (R -0.440938 0.000000) (R -0.435172 0.000000) (R -0.429665 0.000000) (R -0.424179 0.000000) (R -0.418637 0.000000) (R -0.413271 0.000000) (R -0.407796 0.000000) (R -0.402252 0.000000) (R -0.396533 0.000000) (R -0.391094 0.000000) (R -0.385510 0.000000) (R -0.379578 0.000000) (R -0.374106 0.000000) (R -0.368243 0.000000) (R -0.362521 0.000000) (R -0.356942 0.000000) (R -0.351412 0.000000) (R -0.345656 0.000000) (R -0.340077 0.000000) (R -0.334272 0.000000) (R -0.328384 0.000000) (R -0.322863 0.000000) (R -0.317411 0.000000) (R -0.311609 0.000000) (R -0.306097 0.000000) (R -0.300220 0.000000) (R -0.294628 0.000000) (R -0.288820 0.000000) (R -0.283151 0.000000) (R -0.277651 0.000000) (R -0.272070 0.000000) (R -0.266704 0.000000) (R -0.260934 0.000000) (R -0.255481 0.000000) (R -0.249849 0.000000) (R -0.244432 0.000000) (R -0.238939 0.000000) (R -0.233143 0.000000) (R -0.227650 0.000000) (R -0.222222 0.000000) (R -0.216507 0.000000) (R -0.211041 0.000000) (R -0.205384 0.000000) (R -0.200053 0.000000) (R -0.194465 0.000000) (R -0.188819 0.000000) (R -0.182984 0.000000) (R -0.177267 0.000000) (R -0.171778 0.000000) (R -0.165938 0.000000) (R -0.160381 0.000000) (R -0.154640 0.000000) (R -0.149295 0.000000) (R -0.143448 0.000000) (R -0.137886 0.000000) (R -0.132476 0.000000) (R -0.126812 0.000000) (R -0.121013 0.000000) (R -0.115567 0.000000) (R -0.109644 0.000000) (R -0.103989 0.000000) (R -0.098581 0.000000) (R -0.093141 0.000000) (R -0.087463 0.000000) (R -0.081843 0.000000) (R -0.076472 0.000000) (R -0.070762 0.000000) (R -0.065259 0.000000) (R -0.059787 0.000000) (R -0.054058 0.000000) (R -0.048338 0.000000) (R -0.042834 0.000000) (R -0.036973 0.000000) (R -0.031284 0.000000) (R -0.025716 0.000000) (R -0.020038 0.000000) (R -0.014120 0.000000) (R -0.007853 0.000000) (R -0.001929 0.000000) (R 0.007893 0.000000) (R 0.017714 0.000000) (R 0.025953 0.000000) (R 0.034192 0.000000) (R 0.044014 0.000000) (R 0.053835 0.000000) (R 0.059321 0.000000) (R -0.752520 0.000000) (R -0.752341 0.000000) (R -0.752162 0.000000) (R -0.747398 0.000000) (R -0.742166 0.000000) (R -0.737059 0.000000) (R -0.732081 0.000000) (R -0.727230 0.000000) (R -0.721991 0.000000) (R -0.717071 0.000000) (R -0.711916 0.000000) (R -0.707127 0.000000) (R -0.702034 0.000000) (R -0.697066 0.000000) (R -0.691896 0.000000) (R -0.687184 0.000000) (R -0.682361 0.000000) (R -0.677464 0.000000) (R -0.672480 0.000000) (R -0.667236 0.000000) (R -0.662499 0.000000) (R -0.657237 0.000000) (R -0.652211 0.000000) (R -0.647212 0.000000) (R -0.642505 0.000000) (R -0.637333 0.000000) (R -0.632397 0.000000) (R -0.627551 0.000000) (R -0.622793 0.000000) (R -0.617528 0.000000) (R -0.612502 0.000000) (R -0.607518 0.000000) (R -0.602369 0.000000) (R -0.597375 0.000000) (R -0.592409 0.000000) (R -0.587618 0.000000) (R -0.582419 0.000000) (R -0.577272 0.000000) (R -0.572059 0.000000) (R -0.567160 0.000000) (R -0.562085 0.000000) (R -0.556983 0.000000) (R -0.551945 0.000000) (R -0.546808 0.000000) (R -0.541798 0.000000) (R -0.536670 0.000000) (R -0.531447 0.000000) (R -0.526384 0.000000) (R -0.521062 0.000000) (R -0.515948 0.000000) (R -0.510644 0.000000) (R -0.505733 0.000000) (R -0.500968 0.000000) (R -0.495944 0.000000) (R -0.490881 0.000000) (R -0.485779 0.000000) (R -0.480674 0.000000) (R -0.475588 0.000000) (R -0.470825 0.000000) (R -0.465921 0.000000) (R -0.460763 0.000000) (R -0.455744 0.000000) (R -0.450743 0.000000) (R -0.445592 0.000000) (R -0.440399 0.000000) (R -0.435472 0.000000) (R -0.430303 0.000000) (R -0.425131 0.000000) (R -0.419941 0.000000) (R -0.414660 0.000000) (R -0.409735 0.000000) (R -0.404735 0.000000) (R -0.399755 0.000000) (R -0.394553 0.000000) (R -0.389353 0.000000) (R -0.384662 0.000000) (R -0.379497 0.000000) (R -0.374374 0.000000) (R -0.369121 0.000000) (R -0.364400 0.000000) (R -0.359103 0.000000) (R -0.354015 0.000000) (R -0.348718 0.000000) (R -0.343581 0.000000) (R -0.338283 0.000000) (R -0.333162 0.000000) (R -0.327892 0.000000) (R -0.322886 0.000000) (R -0.317733 0.000000) (R -0.312605 0.000000) (R -0.307540 0.000000) (R -0.302506 0.000000) (R -0.297248 0.000000) (R -0.292074 0.000000) (R -0.286897 0.000000) (R -0.281919 0.000000) (R -0.277015 0.000000) (R -0.271878 0.000000) (R -0.266641 0.000000) (R -0.261414 0.000000) (R -0.256293 0.000000) (R -0.250987 0.000000) (R -0.245746 0.000000) (R -0.240771 0.000000) (R -0.235530 0.000000) (R -0.230367 0.000000) (R -0.225396 0.000000) (R -0.220264 0.000000) (R -0.215009 0.000000) (R -0.209936 0.000000) (R -0.204677 0.000000) (R -0.199408 0.000000) (R -0.194342 0.000000) (R -0.189187 0.000000) (R -0.184086 0.000000) (R -0.178741 0.000000) (R -0.173611 0.000000) (R -0.168280 0.000000) (R -0.163203 0.000000) (R -0.157895 0.000000) (R -0.152945 0.000000) (R -0.147656 0.000000) (R -0.142833 0.000000) (R -0.137527 0.000000) (R -0.132409 0.000000) (R -0.127295 0.000000) (R -0.122020 0.000000) (R -0.116959 0.000000) (R -0.111709 0.000000) (R -0.106586 0.000000) (R -0.101583 0.000000) (R -0.096392 0.000000) (R -0.091336 0.000000) (R -0.086143 0.000000) (R -0.081020 0.000000) (R -0.075733 0.000000) (R -0.070498 0.000000) (R -0.065216 0.000000) (R -0.060000 0.000000) (R -0.054909 0.000000) (R -0.049592 0.000000) (R -0.044566 0.000000) (R -0.039436 0.000000) (R -0.034518 0.000000) (R -0.029376 0.000000) (R -0.024059 0.000000) (R -0.018761 0.000000) (R -0.013420 0.000000) (R -0.008359 0.000000) (R -0.003218 0.000000) (R 0.001878 0.000000) (R 0.007185 0.000000) (R 0.012547 0.000000) (R 0.017531 0.000000) (R 0.022775 0.000000) (R 0.028082 0.000000) (R 0.033314 0.000000) (R 0.038569 0.000000) (R 0.043533 0.000000) (R 0.048837 0.000000) (R 0.053840 0.000000) (R 0.059088 0.000000) (R 0.064405 0.000000) (R 0.069440 0.000000) (R 0.074433 0.000000) (R 0.079759 0.000000) (R 0.084835 0.000000) (R 0.085014 0.000000) (R -0.757827 0.000000) (R -0.750633 0.000000) (R -0.741276 0.000000) (R -0.731455 0.000000) (R -0.721633 0.000000) (R -0.713556 0.000000) (R -0.704948 0.000000) (R -0.697754 0.000000) (R -0.750812 0.000000) (R -0.741455 0.000000) (R -0.734261 0.000000) (R -0.725653 0.000000) (R -0.717576 0.000000) (R -0.707754 0.000000) (R -0.697933 0.000000) (R -0.688576 0.000000) (R -0.748649 0.000000) (R -0.742065 0.000000) (R -0.736001 0.000000) (R -0.729940 0.000000) (R -0.723945 0.000000) (R -0.718009 0.000000) (R -0.711416 0.000000) (R -0.704504 0.000000) (R -0.698193 0.000000) (R -0.691553 0.000000) (R -0.684969 0.000000) (R -0.751422 0.000000) (R -0.745358 0.000000) (R -0.738774 0.000000) (R -0.732135 0.000000) (R -0.725824 0.000000) (R -0.718912 0.000000) (R -0.712318 0.000000) (R -0.706383 0.000000) (R -0.700388 0.000000) (R -0.694326 0.000000) (R -0.688262 0.000000) (R -0.751942 0.000000) (R -0.745776 0.000000) (R -0.739613 0.000000) (R -0.733450 0.000000) (R -0.727297 0.000000) (R -0.721074 0.000000) (R -0.714907 0.000000) (R -0.751840 0.000000) (R -0.745677 0.000000) (R -0.739510 0.000000) (R -0.733287 0.000000) (R -0.727134 0.000000) (R -0.720971 0.000000) (R -0.714808 0.000000) (R -0.751843 0.000000) (R -0.745677 0.000000) (R -0.739427 0.000000) (R -0.733692 0.000000) (R -0.727525 0.000000) (R -0.751840 0.000000) (R -0.745590 0.000000) (R -0.739424 0.000000) (R -0.733688 0.000000) (R -0.727439 0.000000) (R -0.751757 0.000000) (R -0.745462 0.000000) (R -0.739068 0.000000) (R -0.732819 0.000000) (R -0.726524 0.000000) (R -0.751712 0.000000) (R -0.745318 0.000000) (R -0.739023 0.000000) (R -0.732774 0.000000) (R -0.726379 0.000000) (R -0.751612 0.000000) (R -0.745236 0.000000) (R -0.738941 0.000000) (R -0.732854 0.000000) (R -0.726447 0.000000) (R -0.720071 0.000000) (R -0.751630 0.000000) (R -0.745336 0.000000) (R -0.738960 0.000000) (R -0.732553 0.000000) (R -0.726465 0.000000) (R -0.720171 0.000000) (R -0.751712 0.000000) (R -0.745305 0.000000) (R -0.738395 0.000000) (R -0.731860 0.000000) (R -0.725401 0.000000) (R -0.718945 0.000000) (R -0.712538 0.000000) (R -0.751599 0.000000) (R -0.744689 0.000000) (R -0.738282 0.000000) (R -0.731826 0.000000) (R -0.725367 0.000000) (R -0.718832 0.000000) (R -0.711922 0.000000) (R -0.751096 0.000000) (R -0.744436 0.000000) (R -0.737773 0.000000) (R -0.731682 0.000000) (R -0.725146 0.000000) (R -0.718488 0.000000) (R -0.711827 0.000000) (R -0.751346 0.000000) (R -0.744683 0.000000) (R -0.738022 0.000000) (R -0.731364 0.000000) (R -0.724829 0.000000) (R -0.718737 0.000000) (R -0.712075 0.000000) (R -0.751344 0.000000) (R -0.745192 0.000000) (R -0.738513 0.000000) (R -0.731828 0.000000) (R -0.724951 0.000000) (R -0.715627 0.000000) (R -0.708248 0.000000) (R -0.701216 0.000000) (R -0.694417 0.000000) (R -0.688306 0.000000) (R -0.681750 0.000000) (R -0.675532 0.000000) (R -0.668398 0.000000) (R -0.662694 0.000000) (R -0.656124 0.000000) (R -0.649718 0.000000) (R -0.642362 0.000000) (R -0.636409 0.000000) (R -0.630403 0.000000) (R -0.624071 0.000000) (R -0.617776 0.000000) (R -0.611890 0.000000) (R -0.606279 0.000000) (R -0.600351 0.000000) (R -0.593978 0.000000) (R -0.587119 0.000000) (R -0.580147 0.000000) (R -0.574071 0.000000) (R -0.567346 0.000000) (R -0.561194 0.000000) (R -0.751854 0.000000) (R -0.745175 0.000000) (R -0.739023 0.000000) (R -0.732299 0.000000) (R -0.726223 0.000000) (R -0.719251 0.000000) (R -0.712392 0.000000) (R -0.706018 0.000000) (R -0.700091 0.000000) (R -0.694480 0.000000) (R -0.688594 0.000000) (R -0.682299 0.000000) (R -0.675967 0.000000) (R -0.669961 0.000000) (R -0.664008 0.000000) (R -0.656652 0.000000) (R -0.650246 0.000000) (R -0.643676 0.000000) (R -0.637972 0.000000) (R -0.630838 0.000000) (R -0.624620 0.000000) (R -0.618063 0.000000) (R -0.611953 0.000000) (R -0.605154 0.000000) (R -0.598122 0.000000) (R -0.590743 0.000000) (R -0.581419 0.000000) (R -0.574542 0.000000) (R -0.567857 0.000000) (R -0.561178 0.000000) (R -0.751327 0.000000) (R -0.744577 0.000000) (R -0.737897 0.000000) (R -0.731228 0.000000) (R -0.724566 0.000000) (R -0.717815 0.000000) (R -0.751256 0.000000) (R -0.744577 0.000000) (R -0.737826 0.000000) (R -0.731164 0.000000) (R -0.724495 0.000000) (R -0.717815 0.000000) (R -0.751327 0.000000) (R -0.745236 0.000000) (R -0.739082 0.000000) (R -0.733252 0.000000) (R -0.727190 0.000000) (R -0.721100 0.000000) (R -0.715009 0.000000) (R -0.751915 0.000000) (R -0.745762 0.000000) (R -0.739670 0.000000) (R -0.733580 0.000000) (R -0.727518 0.000000) (R -0.721688 0.000000) (R -0.715535 0.000000) (R -0.751853 0.000000) (R -0.745595 0.000000) (R -0.739409 0.000000) (R -0.733494 0.000000) (R -0.727572 0.000000) (R -0.721314 0.000000) (R -0.751748 0.000000) (R -0.745562 0.000000) (R -0.739304 0.000000) (R -0.733382 0.000000) (R -0.727467 0.000000) (R -0.721281 0.000000) (R -0.751820 0.000000) (R -0.745580 0.000000) (R -0.739447 0.000000) (R -0.732717 0.000000) (R -0.725902 0.000000) (R -0.719170 0.000000) (R -0.712478 0.000000) (R -0.705469 0.000000) (R -0.698702 0.000000) (R -0.691947 0.000000) (R -0.685858 0.000000) (R -0.679424 0.000000) (R -0.673626 0.000000) (R -0.667349 0.000000) (R -0.661602 0.000000) (R -0.655809 0.000000) (R -0.649816 0.000000) (R -0.643840 0.000000) (R -0.637714 0.000000) (R -0.631490 0.000000) (R -0.624772 0.000000) (R -0.618910 0.000000) (R -0.612236 0.000000) (R -0.606331 0.000000) (R -0.600117 0.000000) (R -0.594344 0.000000) (R -0.587635 0.000000) (R -0.581530 0.000000) (R -0.574814 0.000000) (R -0.569065 0.000000) (R -0.563206 0.000000) (R -0.555918 0.000000) (R -0.549380 0.000000) (R -0.542746 0.000000) (R -0.532925 0.000000) (R -0.523103 0.000000) (R -0.517597 0.000000) (R -0.512088 0.000000) (R -0.506726 0.000000) (R -0.501274 0.000000) (R -0.495822 0.000000) (R -0.490458 0.000000) (R -0.485145 0.000000) (R -0.479837 0.000000) (R -0.474415 0.000000) (R -0.469030 0.000000) (R -0.463592 0.000000) (R -0.458302 0.000000) (R -0.452818 0.000000) (R -0.447310 0.000000) (R -0.441782 0.000000) (R -0.435889 0.000000) (R -0.430015 0.000000) (R -0.420842 0.000000) (R -0.413394 0.000000) (R -0.407441 0.000000) (R -0.401250 0.000000) (R -0.394465 0.000000) (R -0.387231 0.000000) (R -0.379862 0.000000) (R -0.373809 0.000000) (R -0.367570 0.000000) (R -0.751767 0.000000) (R -0.745552 0.000000) (R -0.739642 0.000000) (R -0.733731 0.000000) (R -0.727097 0.000000) (R -0.720393 0.000000) (R -0.714179 0.000000) (R -0.751792 0.000000) (R -0.745881 0.000000) (R -0.739667 0.000000) (R -0.732963 0.000000) (R -0.726329 0.000000) (R -0.720418 0.000000) (R -0.714508 0.000000) (R -0.752095 0.000000) (R -0.746233 0.000000) (R -0.740322 0.000000) (R -0.734411 0.000000) (R -0.728548 0.000000) (R -0.752143 0.000000) (R -0.746233 0.000000) (R -0.740370 0.000000) (R -0.734459 0.000000) (R -0.728548 0.000000) (R -0.752095 0.000000) (R -0.746147 0.000000) (R -0.740236 0.000000) (R -0.734326 0.000000) (R -0.728377 0.000000) (R -0.752058 0.000000) (R -0.746147 0.000000) (R -0.740199 0.000000) (R -0.734288 0.000000) (R -0.728377 0.000000) (R -0.752095 0.000000) (R -0.746184 0.000000) (R -0.740273 0.000000) (R -0.734524 0.000000) (R -0.728709 0.000000) (R -0.722950 0.000000) (R -0.717141 0.000000) (R -0.711226 0.000000) (R -0.705314 0.000000) (R -0.752095 0.000000) (R -0.746184 0.000000) (R -0.740273 0.000000) (R -0.734358 0.000000) (R -0.728548 0.000000) (R -0.722789 0.000000) (R -0.716975 0.000000) (R -0.711225 0.000000) (R -0.705314 0.000000) (R -0.752095 0.000000) (R -0.746174 0.000000) (R -0.740238 0.000000) (R -0.734634 0.000000) (R -0.728991 0.000000) (R -0.723070 0.000000) (R -0.752085 0.000000) (R -0.746149 0.000000) (R -0.740228 0.000000) (R -0.734584 0.000000) (R -0.728980 0.000000) (R -0.723045 0.000000) (R -0.752071 0.000000) (R -0.747514 0.000000) (R -0.742811 0.000000) (R -0.738976 0.000000) (R -0.735071 0.000000) (R -0.731155 0.000000) (R -0.726598 0.000000) (R -0.753449 0.000000) (R -0.748746 0.000000) (R -0.744189 0.000000) (R -0.740274 0.000000) (R -0.736369 0.000000) (R -0.732534 0.000000) (R -0.727831 0.000000) (R -0.753304 0.000000) (R -0.748635 0.000000) (R -0.744591 0.000000) (R -0.740521 0.000000) (R -0.735853 0.000000) (R -0.753338 0.000000) (R -0.749294 0.000000) (R -0.744626 0.000000) (R -0.740556 0.000000) (R -0.736511 0.000000) (R -0.753962 0.000000) (R -0.749887 0.000000) (R -0.745811 0.000000) (R -0.741735 0.000000) (R -0.737647 0.000000) (R -0.733228 0.000000) (R -0.729154 0.000000) (R -0.753932 0.000000) (R -0.749856 0.000000) (R -0.745781 0.000000) (R -0.741363 0.000000) (R -0.737274 0.000000) (R -0.733198 0.000000) (R -0.729122 0.000000) (R -0.753930 0.000000) (R -0.749918 0.000000) (R -0.745844 0.000000) (R -0.741772 0.000000) (R -0.737700 0.000000) (R -0.733630 0.000000) (R -0.729618 0.000000) (R -0.753995 0.000000) (R -0.749920 0.000000) (R -0.745908 0.000000) (R -0.741838 0.000000) (R -0.737766 0.000000) (R -0.733694 0.000000) (R -0.729620 0.000000) (R -0.753932 0.000000) (R -0.749442 0.000000) (R -0.744748 0.000000) (R -0.740295 0.000000) (R -0.735928 0.000000) (R -0.731417 0.000000) (R -0.726931 0.000000) (R -0.722617 0.000000) (R -0.718462 0.000000) (R -0.714217 0.000000) (R -0.709606 0.000000) (R -0.705517 0.000000) (R -0.701427 0.000000) (R -0.696937 0.000000) (R -0.753516 0.000000) (R -0.748823 0.000000) (R -0.744333 0.000000) (R -0.740243 0.000000) (R -0.736153 0.000000) (R -0.731543 0.000000) (R -0.727298 0.000000) (R -0.723143 0.000000) (R -0.718828 0.000000) (R -0.714343 0.000000) (R -0.709832 0.000000) (R -0.705464 0.000000) (R -0.701011 0.000000) (R -0.696318 0.000000) (R -0.753313 0.000000) (R -0.751027 0.000000) (R -0.748819 0.000000) (R -0.746658 0.000000) (R -0.744523 0.000000) (R -0.742401 0.000000) (R -0.740281 0.000000) (R -0.738162 0.000000) (R -0.734072 0.000000) (R -0.729982 0.000000) (R -0.725268 0.000000) (R -0.720635 0.000000) (R -0.716537 0.000000) (R -0.712248 0.000000) (R -0.708368 0.000000) (R -0.704306 0.000000) (R -0.700012 0.000000) (R -0.695827 0.000000) (R -0.691774 0.000000) (R -0.687233 0.000000) (R -0.682974 0.000000) (R -0.678724 0.000000) (R -0.674211 0.000000) (R -0.669568 0.000000) (R -0.665157 0.000000) (R -0.661062 0.000000) (R -0.656371 0.000000) (R -0.652176 0.000000) (R -0.649313 0.000000) (R -0.644555 0.000000) (R -0.640858 0.000000) (R -0.637401 0.000000) (R -0.633031 0.000000) (R -0.628906 0.000000) (R -0.625259 0.000000) (R -0.621139 0.000000) (R -0.617342 0.000000) (R -0.612790 0.000000) (R -0.609081 0.000000) (R -0.605213 0.000000) (R -0.601573 0.000000) (R -0.597111 0.000000) (R -0.592325 0.000000) (R -0.587587 0.000000) (R -0.583481 0.000000) (R -0.579682 0.000000) (R -0.576065 0.000000) (R -0.572222 0.000000) (R -0.567839 0.000000) (R -0.563404 0.000000) (R -0.558161 0.000000) (R -0.552935 0.000000) (R -0.547707 0.000000) (R -0.542759 0.000000) (R -0.537730 0.000000) (R -0.532747 0.000000) (R -0.527553 0.000000) (R -0.522304 0.000000) (R -0.517433 0.000000) (R -0.512302 0.000000) (R -0.507107 0.000000) (R -0.501988 0.000000) (R -0.496846 0.000000) (R -0.491995 0.000000) (R -0.486805 0.000000) (R -0.481914 0.000000) (R -0.476779 0.000000) (R -0.471575 0.000000) (R -0.466653 0.000000) (R -0.461773 0.000000) (R -0.456559 0.000000) (R -0.451729 0.000000) (R -0.446520 0.000000) (R -0.441306 0.000000) (R -0.441127 0.000000) (R -0.440948 0.000000) (R -0.440767 0.000000) (R -0.440582 0.000000) (R -0.440390 0.000000) (R -0.440188 0.000000) (R -0.439970 0.000000) (R -0.439731 0.000000) (R -0.439469 0.000000) (R -0.439172 0.000000) (R -0.438837 0.000000) (R -0.438449 0.000000) (R -0.437994 0.000000) (R -0.437455 0.000000) (R -0.436816 0.000000) (R -0.436062 0.000000) (R -0.435176 0.000000) (R -0.434143 0.000000) (R -0.432946 0.000000) (R -0.431578 0.000000) (R -0.430027 0.000000) (R -0.428283 0.000000) (R -0.426346 0.000000) (R -0.423155 0.000000) (R -0.420985 0.000000) (R -0.417634 0.000000) (R -0.416153 0.000000) (R -0.414141 0.000000) (R -0.410886 0.000000) (R -0.406669 0.000000) (R -0.405708 0.000000) (R -0.402799 0.000000) (R -0.401173 0.000000) (R -0.399826 0.000000) (R -0.398729 0.000000) (R -0.394431 0.000000) (R -0.392744 0.000000) (R -0.391699 0.000000) (R -0.390607 0.000000) (R -0.386776 0.000000) (R -0.382898 0.000000) (R -0.378711 0.000000) (R -0.374244 0.000000) (R -0.369897 0.000000) (R -0.366012 0.000000) (R -0.362251 0.000000) (R -0.358652 0.000000) (R -0.355244 0.000000) (R -0.352046 0.000000) (R -0.349054 0.000000) (R -0.346272 0.000000) (R -0.343693 0.000000) (R -0.341281 0.000000) (R -0.338996 0.000000) (R -0.755721 0.000000) (R -0.752493 0.000000) (R -0.748403 0.000000) (R -0.744313 0.000000) (R -0.741085 0.000000) (R -0.754778 0.000000) (R -0.750688 0.000000) (R -0.747460 0.000000) (R -0.743370 0.000000) (R -0.739281 0.000000) (R -0.753916 0.000000) (R -0.750436 0.000000) (R -0.746543 0.000000) (R -0.742723 0.000000) (R -0.738633 0.000000) (R -0.734543 0.000000) (R -0.730454 0.000000) (R -0.726365 0.000000) (R -0.722277 0.000000) (R -0.718797 0.000000) (R -0.754526 0.000000) (R -0.750632 0.000000) (R -0.747152 0.000000) (R -0.743064 0.000000) (R -0.738975 0.000000) (R -0.734886 0.000000) (R -0.730796 0.000000) (R -0.726706 0.000000) (R -0.722887 0.000000) (R -0.718993 0.000000) (R -0.754112 0.000000) (R -0.750102 0.000000) (R -0.745693 0.000000) (R -0.741661 0.000000) (R -0.737651 0.000000) (R -0.753996 0.000000) (R -0.749587 0.000000) (R -0.745576 0.000000) (R -0.741545 0.000000) (R -0.737135 0.000000) (R -0.753597 0.000000) (R -0.749553 0.000000) (R -0.745521 0.000000) (R -0.741553 0.000000) (R -0.737837 0.000000) (R -0.733793 0.000000) (R -0.729749 0.000000) (R -0.753962 0.000000) (R -0.749930 0.000000) (R -0.745886 0.000000) (R -0.741842 0.000000) (R -0.738126 0.000000) (R -0.734158 0.000000) (R -0.730126 0.000000) (R -0.753974 0.000000) (R -0.749565 0.000000) (R -0.745239 0.000000) (R -0.740650 0.000000) (R -0.736726 0.000000) (R -0.732784 0.000000) (R -0.728842 0.000000) (R -0.724890 0.000000) (R -0.720892 0.000000) (R -0.716483 0.000000) (R -0.753597 0.000000) (R -0.749271 0.000000) (R -0.744862 0.000000) (R -0.740864 0.000000) (R -0.736912 0.000000) (R -0.732970 0.000000) (R -0.729028 0.000000) (R -0.725105 0.000000) (R -0.720515 0.000000) (R -0.716189 0.000000) (R -0.753680 0.000000) (R -0.749680 0.000000) (R -0.745670 0.000000) (R -0.741822 0.000000) (R -0.737824 0.000000) (R -0.733824 0.000000) (R -0.754006 0.000000) (R -0.749996 0.000000) (R -0.745995 0.000000) (R -0.741997 0.000000) (R -0.738150 0.000000) (R -0.734140 0.000000) (R -0.753996 0.000000) (R -0.750308 0.000000) (R -0.746384 0.000000) (R -0.742480 0.000000) (R -0.738576 0.000000) (R -0.734690 0.000000) (R -0.730975 0.000000) (R -0.727286 0.000000) (R -0.754318 0.000000) (R -0.750394 0.000000) (R -0.746706 0.000000) (R -0.742990 0.000000) (R -0.739105 0.000000) (R -0.735201 0.000000) (R -0.731297 0.000000) (R -0.727373 0.000000) (R -0.754083 0.000000);

